[16:27:55] [main/INFO]: ModLauncher running: args [--username, mateale1234, --version, forge-32.0.108, --gameDir, C:\Users\Mateusz\Twitch\Minecraft\Instances\[Fabric] Segreguj.com (1), --assetsDir, C:\Users\Mateusz\Twitch\Minecraft\Install\assets, --assetIndex, 1.16, --uuid, 6dcaadecad404ac2ba87b5e0d7248b6b, --accessToken, ????????, --userType, mojang, --versionType, release, --width, 1280, --height, 1024, --launchTarget, fmlclient, --fml.forgeVersion, 32.0.108, --fml.mcVersion, 1.16.1, --fml.forgeGroup, net.minecraftforge, --fml.mcpVersion, 20200625.160719]
[16:27:55] [main/INFO]: ModLauncher 6.1.1+74+master.966c698 starting: java version 1.8.0_51 by Oracle Corporation
[16:27:56] [main/INFO]: Added Lets Encrypt root certificates as additional trust
[16:27:56] [main/INFO]: Jumploader 2.0.1 initialising, discovering environment...
[16:27:56] [main/INFO]: Detected environment link.infra.jumploader.resolution.EnvironmentDiscoverer.TwitchJarStorage [Minecraft version 1.16.1]
[16:27:56] [main/INFO]: Environment link.infra.jumploader.resolution.EnvironmentDiscoverer.TwitchJarStorage was incompatible with side null, switched to link.infra.jumploader.resolution.EnvironmentDiscoverer.TwitchJarStorage
[16:27:56] [main/INFO]: Configuration successfully loaded with sources: [minecraft, fabric] Resolving JARs to jumpload...
[16:27:57] [main/INFO]: Found JAR: file:/C:/Users/Mateusz/Twitch/Minecraft/Instances/%5BFabric%5D%20Segreguj.com%20(1)/../../Install/versions/1.16.1/1.16.1.jar
[16:27:57] [main/INFO]: Found JAR: file:/C:/Users/Mateusz/Twitch/Minecraft/Instances/%5BFabric%5D%20Segreguj.com%20(1)/../../Install/libraries/./com/mojang/patchy/1.1/patchy-1.1.jar
[16:27:57] [main/INFO]: Found JAR: file:/C:/Users/Mateusz/Twitch/Minecraft/Instances/%5BFabric%5D%20Segreguj.com%20(1)/../../Install/libraries/./oshi-project/oshi-core/1.1/oshi-core-1.1.jar
[16:27:57] [main/INFO]: Found JAR: file:/C:/Users/Mateusz/Twitch/Minecraft/Instances/%5BFabric%5D%20Segreguj.com%20(1)/../../Install/libraries/./net/java/dev/jna/jna/4.4.0/jna-4.4.0.jar
[16:27:57] [main/INFO]: Found JAR: file:/C:/Users/Mateusz/Twitch/Minecraft/Instances/%5BFabric%5D%20Segreguj.com%20(1)/../../Install/libraries/./net/java/dev/jna/platform/3.4.0/platform-3.4.0.jar
[16:27:57] [main/INFO]: Found JAR: file:/C:/Users/Mateusz/Twitch/Minecraft/Instances/%5BFabric%5D%20Segreguj.com%20(1)/../../Install/libraries/./com/ibm/icu/icu4j/66.1/icu4j-66.1.jar
[16:27:57] [main/INFO]: Found JAR: file:/C:/Users/Mateusz/Twitch/Minecraft/Instances/%5BFabric%5D%20Segreguj.com%20(1)/../../Install/libraries/./com/mojang/javabridge/1.0.22/javabridge-1.0.22.jar
[16:27:57] [main/INFO]: Found JAR: file:/C:/Users/Mateusz/Twitch/Minecraft/Instances/%5BFabric%5D%20Segreguj.com%20(1)/../../Install/libraries/./net/sf/jopt-simple/jopt-simple/5.0.3/jopt-simple-5.0.3.jar
[16:27:57] [main/INFO]: Found JAR: file:/C:/Users/Mateusz/Twitch/Minecraft/Instances/%5BFabric%5D%20Segreguj.com%20(1)/../../Install/libraries/./io/netty/netty-all/4.1.25.Final/netty-all-4.1.25.Final.jar
[16:27:57] [main/INFO]: Found JAR: file:/C:/Users/Mateusz/Twitch/Minecraft/Instances/%5BFabric%5D%20Segreguj.com%20(1)/../../Install/libraries/./com/google/guava/guava/21.0/guava-21.0.jar
[16:27:57] [main/INFO]: Found JAR: file:/C:/Users/Mateusz/Twitch/Minecraft/Instances/%5BFabric%5D%20Segreguj.com%20(1)/../../Install/libraries/./org/apache/commons/commons-lang3/3.5/commons-lang3-3.5.jar
[16:27:57] [main/INFO]: Found JAR: file:/C:/Users/Mateusz/Twitch/Minecraft/Instances/%5BFabric%5D%20Segreguj.com%20(1)/../../Install/libraries/./commons-io/commons-io/2.5/commons-io-2.5.jar
[16:27:57] [main/INFO]: Found JAR: file:/C:/Users/Mateusz/Twitch/Minecraft/Instances/%5BFabric%5D%20Segreguj.com%20(1)/../../Install/libraries/./commons-codec/commons-codec/1.10/commons-codec-1.10.jar
[16:27:57] [main/INFO]: Found JAR: file:/C:/Users/Mateusz/Twitch/Minecraft/Instances/%5BFabric%5D%20Segreguj.com%20(1)/../../Install/libraries/./net/java/jinput/jinput/2.0.5/jinput-2.0.5.jar
[16:27:57] [main/INFO]: Found JAR: file:/C:/Users/Mateusz/Twitch/Minecraft/Instances/%5BFabric%5D%20Segreguj.com%20(1)/../../Install/libraries/./net/java/jutils/jutils/1.0.0/jutils-1.0.0.jar
[16:27:57] [main/INFO]: Found JAR: file:/C:/Users/Mateusz/Twitch/Minecraft/Instances/%5BFabric%5D%20Segreguj.com%20(1)/../../Install/libraries/./com/mojang/brigadier/1.0.17/brigadier-1.0.17.jar
[16:27:57] [main/INFO]: Found JAR: file:/C:/Users/Mateusz/Twitch/Minecraft/Instances/%5BFabric%5D%20Segreguj.com%20(1)/../../Install/libraries/./com/mojang/datafixerupper/3.0.25/datafixerupper-3.0.25.jar
[16:27:57] [main/INFO]: Found JAR: file:/C:/Users/Mateusz/Twitch/Minecraft/Instances/%5BFabric%5D%20Segreguj.com%20(1)/../../Install/libraries/./com/google/code/gson/gson/2.8.0/gson-2.8.0.jar
[16:27:57] [main/INFO]: Found JAR: file:/C:/Users/Mateusz/Twitch/Minecraft/Instances/%5BFabric%5D%20Segreguj.com%20(1)/../../Install/libraries/./com/mojang/authlib/1.6.25/authlib-1.6.25.jar
[16:27:57] [main/INFO]: Found JAR: file:/C:/Users/Mateusz/Twitch/Minecraft/Instances/%5BFabric%5D%20Segreguj.com%20(1)/../../Install/libraries/./org/apache/commons/commons-compress/1.8.1/commons-compress-1.8.1.jar
[16:27:57] [main/INFO]: Found JAR: file:/C:/Users/Mateusz/Twitch/Minecraft/Instances/%5BFabric%5D%20Segreguj.com%20(1)/../../Install/libraries/./org/apache/httpcomponents/httpclient/4.3.3/httpclient-4.3.3.jar
[16:27:57] [main/INFO]: Found JAR: file:/C:/Users/Mateusz/Twitch/Minecraft/Instances/%5BFabric%5D%20Segreguj.com%20(1)/../../Install/libraries/./commons-logging/commons-logging/1.1.3/commons-logging-1.1.3.jar
[16:27:57] [main/INFO]: Found JAR: file:/C:/Users/Mateusz/Twitch/Minecraft/Instances/%5BFabric%5D%20Segreguj.com%20(1)/../../Install/libraries/./org/apache/httpcomponents/httpcore/4.3.2/httpcore-4.3.2.jar
[16:27:57] [main/INFO]: Found JAR: file:/C:/Users/Mateusz/Twitch/Minecraft/Instances/%5BFabric%5D%20Segreguj.com%20(1)/../../Install/libraries/./it/unimi/dsi/fastutil/8.2.1/fastutil-8.2.1.jar
[16:27:57] [main/INFO]: Found JAR: file:/C:/Users/Mateusz/Twitch/Minecraft/Instances/%5BFabric%5D%20Segreguj.com%20(1)/../../Install/libraries/./org/apache/logging/log4j/log4j-api/2.8.1/log4j-api-2.8.1.jar
[16:27:57] [main/INFO]: Found JAR: file:/C:/Users/Mateusz/Twitch/Minecraft/Instances/%5BFabric%5D%20Segreguj.com%20(1)/../../Install/libraries/./org/apache/logging/log4j/log4j-core/2.8.1/log4j-core-2.8.1.jar
[16:27:57] [main/INFO]: Found JAR: file:/C:/Users/Mateusz/Twitch/Minecraft/Instances/%5BFabric%5D%20Segreguj.com%20(1)/../../Install/libraries/./org/lwjgl/lwjgl/3.2.2/lwjgl-3.2.2.jar
[16:27:57] [main/INFO]: Found JAR: file:/C:/Users/Mateusz/Twitch/Minecraft/Instances/%5BFabric%5D%20Segreguj.com%20(1)/../../Install/libraries/./org/lwjgl/lwjgl-jemalloc/3.2.2/lwjgl-jemalloc-3.2.2.jar
[16:27:57] [main/INFO]: Found JAR: file:/C:/Users/Mateusz/Twitch/Minecraft/Instances/%5BFabric%5D%20Segreguj.com%20(1)/../../Install/libraries/./org/lwjgl/lwjgl-openal/3.2.2/lwjgl-openal-3.2.2.jar
[16:27:57] [main/INFO]: Found JAR: file:/C:/Users/Mateusz/Twitch/Minecraft/Instances/%5BFabric%5D%20Segreguj.com%20(1)/../../Install/libraries/./org/lwjgl/lwjgl-opengl/3.2.2/lwjgl-opengl-3.2.2.jar
[16:27:57] [main/INFO]: Found JAR: file:/C:/Users/Mateusz/Twitch/Minecraft/Instances/%5BFabric%5D%20Segreguj.com%20(1)/../../Install/libraries/./org/lwjgl/lwjgl-glfw/3.2.2/lwjgl-glfw-3.2.2.jar
[16:27:57] [main/INFO]: Found JAR: file:/C:/Users/Mateusz/Twitch/Minecraft/Instances/%5BFabric%5D%20Segreguj.com%20(1)/../../Install/libraries/./org/lwjgl/lwjgl-stb/3.2.2/lwjgl-stb-3.2.2.jar
[16:27:57] [main/INFO]: Found JAR: file:/C:/Users/Mateusz/Twitch/Minecraft/Instances/%5BFabric%5D%20Segreguj.com%20(1)/../../Install/libraries/./org/lwjgl/lwjgl-tinyfd/3.2.2/lwjgl-tinyfd-3.2.2.jar
[16:27:57] [main/INFO]: Found JAR: file:/C:/Users/Mateusz/Twitch/Minecraft/Instances/%5BFabric%5D%20Segreguj.com%20(1)/../../Install/libraries/./org/lwjgl/lwjgl/3.2.2/lwjgl-3.2.2-natives-windows.jar
[16:27:57] [main/INFO]: Found JAR: file:/C:/Users/Mateusz/Twitch/Minecraft/Instances/%5BFabric%5D%20Segreguj.com%20(1)/../../Install/libraries/./org/lwjgl/lwjgl-jemalloc/3.2.2/lwjgl-jemalloc-3.2.2-natives-windows.jar
[16:27:57] [main/INFO]: Found JAR: file:/C:/Users/Mateusz/Twitch/Minecraft/Instances/%5BFabric%5D%20Segreguj.com%20(1)/../../Install/libraries/./org/lwjgl/lwjgl-openal/3.2.2/lwjgl-openal-3.2.2-natives-windows.jar
[16:27:57] [main/INFO]: Found JAR: file:/C:/Users/Mateusz/Twitch/Minecraft/Instances/%5BFabric%5D%20Segreguj.com%20(1)/../../Install/libraries/./org/lwjgl/lwjgl-opengl/3.2.2/lwjgl-opengl-3.2.2-natives-windows.jar
[16:27:57] [main/INFO]: Found JAR: file:/C:/Users/Mateusz/Twitch/Minecraft/Instances/%5BFabric%5D%20Segreguj.com%20(1)/../../Install/libraries/./org/lwjgl/lwjgl-glfw/3.2.2/lwjgl-glfw-3.2.2-natives-windows.jar
[16:27:57] [main/INFO]: Found JAR: file:/C:/Users/Mateusz/Twitch/Minecraft/Instances/%5BFabric%5D%20Segreguj.com%20(1)/../../Install/libraries/./org/lwjgl/lwjgl-tinyfd/3.2.2/lwjgl-tinyfd-3.2.2-natives-windows.jar
[16:27:57] [main/INFO]: Found JAR: file:/C:/Users/Mateusz/Twitch/Minecraft/Instances/%5BFabric%5D%20Segreguj.com%20(1)/../../Install/libraries/./org/lwjgl/lwjgl-stb/3.2.2/lwjgl-stb-3.2.2-natives-windows.jar
[16:27:57] [main/INFO]: Found JAR: file:/C:/Users/Mateusz/Twitch/Minecraft/Instances/%5BFabric%5D%20Segreguj.com%20(1)/../../Install/libraries/./com/mojang/text2speech/1.11.3/text2speech-1.11.3.jar
[16:27:57] [main/INFO]: Found JAR: file:/C:/Users/Mateusz/Twitch/Minecraft/Instances/%5BFabric%5D%20Segreguj.com%20(1)/../../Install/libraries/./com/mojang/text2speech/1.11.3/text2speech-1.11.3-natives-windows.jar
[16:27:57] [main/INFO]: Found JAR: file:/C:/Users/Mateusz/Twitch/Minecraft/Instances/%5BFabric%5D%20Segreguj.com%20(1)/../../Install/libraries/./net/fabricmc/fabric-loader/0.10.5+build.213/fabric-loader-0.10.5+build.213.jar
[16:27:57] [main/INFO]: Found JAR: file:/C:/Users/Mateusz/Twitch/Minecraft/Instances/%5BFabric%5D%20Segreguj.com%20(1)/../../Install/libraries/./net/fabricmc/intermediary/1.16.1/intermediary-1.16.1.jar
[16:27:57] [main/INFO]: Found JAR: file:/C:/Users/Mateusz/Twitch/Minecraft/Instances/%5BFabric%5D%20Segreguj.com%20(1)/../../Install/libraries/./net/fabricmc/tiny-mappings-parser/0.2.2.14/tiny-mappings-parser-0.2.2.14.jar
[16:27:57] [main/INFO]: Found JAR: file:/C:/Users/Mateusz/Twitch/Minecraft/Instances/%5BFabric%5D%20Segreguj.com%20(1)/../../Install/libraries/./net/fabricmc/sponge-mixin/0.8.2+build.24/sponge-mixin-0.8.2+build.24.jar
[16:27:57] [main/INFO]: Found JAR: file:/C:/Users/Mateusz/Twitch/Minecraft/Instances/%5BFabric%5D%20Segreguj.com%20(1)/../../Install/libraries/./net/fabricmc/tiny-remapper/0.3.0.70/tiny-remapper-0.3.0.70.jar
[16:27:57] [main/INFO]: Found JAR: file:/C:/Users/Mateusz/Twitch/Minecraft/Instances/%5BFabric%5D%20Segreguj.com%20(1)/../../Install/libraries/./net/fabricmc/fabric-loader-sat4j/2.3.5.4/fabric-loader-sat4j-2.3.5.4.jar
[16:27:57] [main/INFO]: Found JAR: file:/C:/Users/Mateusz/Twitch/Minecraft/Instances/%5BFabric%5D%20Segreguj.com%20(1)/../../Install/libraries/./com/google/jimfs/jimfs/1.2-fabric/jimfs-1.2-fabric.jar
[16:27:57] [main/INFO]: Found JAR: file:/C:/Users/Mateusz/Twitch/Minecraft/Instances/%5BFabric%5D%20Segreguj.com%20(1)/../../Install/libraries/./org/ow2/asm/asm/9.0/asm-9.0.jar
[16:27:57] [main/INFO]: Found JAR: file:/C:/Users/Mateusz/Twitch/Minecraft/Instances/%5BFabric%5D%20Segreguj.com%20(1)/../../Install/libraries/./org/ow2/asm/asm-analysis/9.0/asm-analysis-9.0.jar
[16:27:57] [main/INFO]: Found JAR: file:/C:/Users/Mateusz/Twitch/Minecraft/Instances/%5BFabric%5D%20Segreguj.com%20(1)/../../Install/libraries/./org/ow2/asm/asm-commons/9.0/asm-commons-9.0.jar
[16:27:57] [main/INFO]: Found JAR: file:/C:/Users/Mateusz/Twitch/Minecraft/Instances/%5BFabric%5D%20Segreguj.com%20(1)/../../Install/libraries/./org/ow2/asm/asm-tree/9.0/asm-tree-9.0.jar
[16:27:57] [main/INFO]: Found JAR: file:/C:/Users/Mateusz/Twitch/Minecraft/Instances/%5BFabric%5D%20Segreguj.com%20(1)/../../Install/libraries/./org/ow2/asm/asm-util/9.0/asm-util-9.0.jar
[16:27:57] [main/INFO]: Jumping to new loader, main class: net.fabricmc.loader.launch.knot.KnotClient
[16:27:57] [main/INFO]: Loading for game Minecraft 1.16.1
[16:27:57] [ForkJoinPool-1-worker-1/WARN]: The mod "libcd" contains invalid entries in its mod json:
- Unsupported root entry "licence" at line 8 column 12
[16:27:57] [ForkJoinPool-1-worker-3/WARN]: The mod "autoconfig1u" contains invalid entries in its mod json:
- Unsupported root entry "$schema" at line 2 column 14
[16:27:57] [ForkJoinPool-1-worker-3/WARN]: "fabric.mod.json" from mod autoconfig1u did not have "schemaVersion" as first field.
[16:27:57] [ForkJoinPool-1-worker-1/WARN]: Non-Fabric mod JAR at "C:\Users\Mateusz\Twitch\Minecraft\Instances\[Fabric] Segreguj.com (1)\mods\CraftPresence-1.16.1-1.6.8.jar", ignoring
[16:27:57] [ForkJoinPool-1-worker-2/WARN]: The mod "cardinal-components-base" contains invalid entries in its mod json:
- Unsupported root entry "side" at line 8 column 11
[16:27:57] [ForkJoinPool-1-worker-2/WARN]: The mod "cardinal-components-block" contains invalid entries in its mod json:
- Unsupported root entry "side" at line 8 column 11
[16:27:57] [ForkJoinPool-1-worker-2/WARN]: The mod "cardinal-components-chunk" contains invalid entries in its mod json:
- Unsupported root entry "side" at line 8 column 11
[16:27:57] [ForkJoinPool-1-worker-2/WARN]: The mod "cardinal-components-entity" contains invalid entries in its mod json:
- Unsupported root entry "side" at line 8 column 11
[16:27:57] [ForkJoinPool-1-worker-2/WARN]: The mod "cardinal-components-item" contains invalid entries in its mod json:
- Unsupported root entry "side" at line 8 column 11
[16:27:57] [ForkJoinPool-1-worker-2/WARN]: The mod "cardinal-components-level" contains invalid entries in its mod json:
- Unsupported root entry "side" at line 8 column 11
[16:27:57] [ForkJoinPool-1-worker-1/WARN]: The mod "autoconfig1u" contains invalid entries in its mod json:
- Unsupported root entry "$schema" at line 2 column 14
[16:27:57] [ForkJoinPool-1-worker-1/WARN]: "fabric.mod.json" from mod autoconfig1u did not have "schemaVersion" as first field.
[16:27:57] [ForkJoinPool-1-worker-2/WARN]: The mod "cardinal-components-world" contains invalid entries in its mod json:
- Unsupported root entry "side" at line 8 column 11
[16:27:57] [ForkJoinPool-1-worker-2/WARN]: The mod "cardinal-components-util" contains invalid entries in its mod json:
- Unsupported root entry "side" at line 8 column 11
[16:27:57] [ForkJoinPool-1-worker-2/WARN]: The mod "autoconfig1u" contains invalid entries in its mod json:
- Unsupported root entry "$schema" at line 2 column 14
[16:27:57] [ForkJoinPool-1-worker-2/WARN]: "fabric.mod.json" from mod autoconfig1u did not have "schemaVersion" as first field.
[16:27:57] [ForkJoinPool-1-worker-3/WARN]: The mod "mcdw" contains invalid entries in its mod json:
- Unsupported root entry "client" at line 27 column 11
[16:27:57] [ForkJoinPool-1-worker-3/WARN]: The mod "autoconfig1u" contains invalid entries in its mod json:
- Unsupported root entry "$schema" at line 2 column 14
[16:27:57] [ForkJoinPool-1-worker-3/WARN]: "fabric.mod.json" from mod autoconfig1u did not have "schemaVersion" as first field.
[16:27:57] [ForkJoinPool-1-worker-2/WARN]: Non-Fabric mod JAR at "C:\Users\Mateusz\Twitch\Minecraft\Instances\[Fabric] Segreguj.com (1)\mods\torohealth-1.16.1-forge-2.jar", ignoring
[16:27:58] [ForkJoinPool-1-worker-3/WARN]: The mod "autoconfig1u" contains invalid entries in its mod json:
- Unsupported root entry "$schema" at line 2 column 14
[16:27:58] [ForkJoinPool-1-worker-3/WARN]: "fabric.mod.json" from mod autoconfig1u did not have "schemaVersion" as first field.
[16:27:58] [main/WARN]: Warnings were found! 
 - Conflicting versions found for fabric-api-base: used 0.1.3+12a8474c7c, also found 0.1.3+12a8474c02
[16:27:58] [main/INFO]: [FabricLoader] Loading 97 mods: fermion@2.1.191, soitburns@1.0.0, fabric-keybindings-v0@0.2.0+3fa9f7c502, fabricloader@0.10.5+build.213, artifice@0.8.0+1.16-rc1, fabric-dimensions-v1@1.0.0+a71b305302, cloth-durability-bar-api-v1@1.0.7, fabric-game-rule-api-v1@1.0.0+fe81e12502, fermion-modkeys@1.8.180-snapshot, fabric-api-base@0.1.3+12a8474c7c, jumploader@2.0.1, fiber@0.23.0-1, cardinal-components-level@2.4.2, blackstonetools@1.2.0+1.16.1, decorative@3.0.0, astromine@1.5.2, fabric-blockrenderlayer-v1@1.1.4+c6a8ea8902, libblockattributes_items@0.7.1-pre.4, fabric@0.18.0+build.387-1.16.1, fabric-networking-v0@0.1.10+e00ecb5f02, org_codehaus_groovy_groovy@3.0.3, wrenchable@1.0.0+1.16.1, fabric-screen-handler-api-v1@1.1.0+97324d1102, modmenu@1.14.5+build.30, dungeons@1.2.1+1.16.1, fabric-tool-attribute-api-v1@1.2.1+91fca5cd02, midnight-hats@1.0.2, enderitemod@1.2.2, cloth-client-events-v0@1.0.5, fabric-biomes-v1@0.2.7+059ea86602, fabric-events-interaction-v0@0.4.0+e540c58402, fabric-crash-report-info-v1@0.1.2+b7f9825d02, musicexpansion@1.0.1, patchouli@1.16-38-FABRIC, fabric-key-binding-api-v1@1.0.1+f404f3be02, cloth-config2@4.6.0, fabric-resource-loader-v0@0.2.6+f41e209802, cardinal-components-entity@2.4.2, magna@1.3.2-1.16.1, libblockattributes_fluids@0.7.1-pre.4, fabric-commands-v0@0.2.0+52d3083602, fabric-registry-sync-v0@0.3.8+7dba2d6c02, cardinal-components-base@2.4.2, fabric-mining-levels-v0@0.1.2+b764ce9902, fabric-models-v0@0.1.0+dfdb52d602, fabric-item-groups-v0@0.2.0+438f963602, fabric-renderer-api-v1@0.2.13+eae12eb802, parchment@1.0.2+1.15.2, cardinal-components-block@2.4.2, libcd@2.5.0+1.16.1, fabric-containers-v0@0.1.8+045df74f02, fabric-object-builder-api-v1@1.5.7+2242e77202, mcdw@1.1.5b, fabric-rendering-data-attachment-v1@0.1.3+b7f9825d02, mm@2.0, cardinal-components-item@2.4.2, fabric-textures-v0@1.0.4+eae12eb802, fabric-rendering-fluids-v1@0.1.8+b7084faa02, reach-entity-attributes@1.0.1, ecotones@0.6.0, fabric-lifecycle-events-v1@1.2.0+e83e061c02, cardinal-components-chunk@2.4.2, sodium@0.1.0, cardinal-components-util@2.4.2, fabric-renderer-registries-v1@2.1.0+be551d3c02, fabric-loot-tables-v1@1.0.0+386eb69e02, fabric-particles-v1@0.2.1+0a6f2a7002, artofalchemy@1.0.0-rc2+1.16.1, libblockattributes_core@0.7.1-pre.4, terraform@2.1.0+build.24, minecraft@1.16.1, fabric-networking-blockentity-v0@0.2.5+b50ffc7b02, cloth-basic-math@0.5.1, jankson@3.0.0+j1.2.0, fabric-command-api-v1@1.0.8+5ce5339802, fabric-renderer-indigo@0.3.4+34d6c87102, spinnery@3.1.14, roughlyenoughitems@4.12.1, fabric-item-api-v1@1.0.0+16acbe5b02, shapes@2.0.0+build.10, libgui@2.0.1+1.16.1, amethystmod@1.2.1, slight-gui-modifications@1.2.0, fabric-rendering-v0@1.1.0+5341049002, fabric-rendering-v1@1.1.2+346247d702, autoconfig1u@3.2.0-unstable, fabric-content-registries-v0@0.1.9+059ea86602, cardinal-components-world@2.4.2, fabric-tag-extensions-v0@0.2.7+a4c57d8e02, blue_endless_jankson@1.2.0, byg@1.0.13, voxelmap@1.10.7, fabric-events-lifecycle-v0@0.2.0+16acbe5b02, libstructure@1.3, org_codehaus_groovy_groovy-jsr223@3.0.3, team_reborn_energy@0.1.0, fabric-object-builders-v0@0.6.1+a2d21ddd02
[16:27:58] [main/WARN]: Mod `mcdw` (1.1.5b) does not respect SemVer - comparison support is limited.
[16:27:58] [main/INFO]: SpongePowered MIXIN Subsystem Version=0.8.2 Source=file:/C:/Users/Mateusz/Twitch/Minecraft/Instances/%5BFabric%5D%20Segreguj.com%20(1)/../../Install/libraries/./net/fabricmc/sponge-mixin/0.8.2+build.24/sponge-mixin-0.8.2+build.24.jar Service=Knot/Fabric Env=CLIENT
[16:28:02] [main/INFO]: Loaded configuration file for Sodium (38 options available, 0 user overrides)
[16:28:02] [main/INFO]: Sodium has been successfully discovered and initialized -- your game is now faster!
[16:28:02] [main/WARN]: Reference map 'blackstone-tools-refmap.json' for blackstonetools.mixins.json could not be read. If this is a development environment you can ignore this message
[16:28:02] [main/WARN]: Reference map 'amethystmod1.16-refmap.json' for pheonixvx.mixins.json could not be read. If this is a development environment you can ignore this message
[16:28:02] [main/WARN]: Reference map 'wrenchable-refmap.json' for wrenchable.mixins.json could not be read. If this is a development environment you can ignore this message
[16:28:10] [main/INFO]: Environment: authHost='https://authserver.mojang.com', accountsHost='https://api.mojang.com', sessionHost='https://sessionserver.mojang.com', name='PROD'
[16:28:10] [main/INFO]: Setting user: mateale1234
[16:28:10] [main/INFO]: [STDOUT]: I think it's time we light up the world!
[16:28:11] [main/INFO]: Silk not found, not loading compatibility for fluids.
[16:28:11] [main/INFO]: RebornCore not found, not loading compatibility for fluids. (reborncore.common.blockentity.MachineBaseBlockEntity)
[16:28:11] [main/INFO]: JavaDungeons initialized!
[16:28:11] [main/INFO]: [STDOUT]: -Initialized Enderitemod!-
[16:28:12] [main/INFO]: Definitely not up to no good
[16:28:12] [main/INFO]: [STDOUT]: [ecotones] Registering 138 ecotones biomes!
[16:28:12] [main/INFO]: Humankind cannot gain anything without first giving something in return. To obtain, something of equal value must be lost.
[16:28:14] [main/INFO]: Initializing BYG...
[16:28:14] [main/INFO]: BYG: Items registered!
[16:28:15] [main/INFO]: BYG: Registered Sub Biomes!
[16:28:15] [main/INFO]: BYG: Registered Biomes!
[16:28:15] [main/INFO]: BYG: Registered Nether Biomes!
[16:28:15] [main/INFO]: BYG: Registered End Biomes!
[16:28:15] [main/INFO]: BYG: Added Flammables!
[16:28:15] [main/INFO]: BYG: Added strippable Blocks...
[16:28:15] [main/INFO]: Initialized BYG!
[16:28:16] [main/INFO]: [Indigo] Different rendering plugin detected; not applying Indigo.
[16:28:16] [main/INFO]: Config loaded.
[16:28:16] [ForkJoinPool.commonPool-worker-1/INFO]: Start Loading of CTS.
[16:28:16] [main/INFO]: Backend library: LWJGL version 3.2.2 build 10
[16:28:21] [ForkJoinPool.commonPool-worker-1/INFO]: Hello From 'Slight' Gui Modifications cts script
[16:28:22] [main/WARN]: @ModifyVariable(@At("INVOKE")) Shift.BY=2 on magna.mixins.json:WorldRendererMixin::localvar$zdh000$appendBlockBreakingProgressions exceeds the maximum allowed value: 0. Increase the value of maxShiftBy to suppress this warning.
[16:28:23] [main/INFO]: Narrator library for x64 successfully loaded
[16:28:23] [main/INFO]: Reloading ResourceManager: Default, Fermion, So It Burns, Fabric Key Bindings (v0), Fabric Loader, Artifice, Fabric Game Rule API (v1), Fermion Modifier Keys, Fabric API Base, Jumploader, Blackstone Tools, Decorative, Astromine, Fabric BlockRenderLayer Registration (v1), LibBlockAttributes (Items), Fabric API, Fabric Networking (v0), Wrenchable, Fabric Screen Handler API (v1), Mod Menu, JavaDungeons, Fabric Tool Attribute API (v1), Midnight Hats, Enderite Mod, Fabric Biomes (v1), Fabric Events Interaction (v0), Fabric Crash Report Info (v1), Music Expansion, Patchouli, Fabric Key Binding API (v1), Cloth Config v4, Fabric Resource Loader (v0), Magna, LibBlockAttributes (Fluids), Fabric Registry Sync (v0), Fabric Mining Levels (v0), Fabric Models (v0), Fabric Item Groups (v0), Fabric Renderer API (v1), Parchment, LibCapableData, Fabric Containers (v0), Fabric Object Builder API (v1), MC Dungeons Weapons, Fabric Rendering Data Attachment (v1), Manningham Mills, Fabric Textures (v0), Fabric Rendering Fluids (v1), Reach Entity Attribute, Ecotones, Fabric Lifecycle Events (v1), Sodium, Fabric Renderer Registries (v1), Fabric Loot Tables (v1), Art of Alchemy, LibBlockAttributes (Core), Terraform, Fabric Networking Block Entity (v0), Jankson, Fabric Renderer - Indigo, Spinnery, Roughly Enough Items, Fabric Item API (v1), Shapes, LibGui, Amethyst Mod, 'Slight' GUI Modifications, Fabric Rendering (v0), Fabric Rendering (v1), Auto Config v1 Updated, Fabric Content Registries (v0), Fabric Tag Extensions (v0), BYG, VoxelMap, Fabric Events Lifecycle (v0), Energy, Fabric Object Builders (v0), slightguimodifications:cts_textures, musicexpansionexternal
[16:28:23] [main/INFO]: Player hats successfully loaded!
[16:28:24] [main/INFO]: [STDOUT]: CATEGORY ORDER IS 8
[16:28:24] [main/INFO]: Created: 256x256 waypoints-atlas
[16:28:25] [main/INFO]: Created: 256x128 chooser-atlas
[16:28:27] [main/INFO]: Created: 512x512 mobs-atlas
[16:28:27] [main/INFO]: Created: 64x64 pings-atlas
[16:28:31] [Worker-Main-6/WARN]: Exception loading blockstate definition: dungeons:blockstates/dungeons_water.json: java.io.FileNotFoundException: dungeons:blockstates/dungeons_water.json
[16:28:31] [Worker-Main-6/WARN]: Exception loading blockstate definition: 'dungeons:blockstates/dungeons_water.json' missing model for variant: 'dungeons:dungeons_water#level=0'
[16:28:31] [Worker-Main-6/WARN]: Exception loading blockstate definition: 'dungeons:blockstates/dungeons_water.json' missing model for variant: 'dungeons:dungeons_water#level=5'
[16:28:31] [Worker-Main-6/WARN]: Exception loading blockstate definition: 'dungeons:blockstates/dungeons_water.json' missing model for variant: 'dungeons:dungeons_water#level=6'
[16:28:31] [Worker-Main-6/WARN]: Exception loading blockstate definition: 'dungeons:blockstates/dungeons_water.json' missing model for variant: 'dungeons:dungeons_water#level=7'
[16:28:31] [Worker-Main-6/WARN]: Exception loading blockstate definition: 'dungeons:blockstates/dungeons_water.json' missing model for variant: 'dungeons:dungeons_water#level=8'
[16:28:31] [Worker-Main-6/WARN]: Exception loading blockstate definition: 'dungeons:blockstates/dungeons_water.json' missing model for variant: 'dungeons:dungeons_water#level=1'
[16:28:31] [Worker-Main-6/WARN]: Exception loading blockstate definition: 'dungeons:blockstates/dungeons_water.json' missing model for variant: 'dungeons:dungeons_water#level=2'
[16:28:31] [Worker-Main-6/WARN]: Exception loading blockstate definition: 'dungeons:blockstates/dungeons_water.json' missing model for variant: 'dungeons:dungeons_water#level=3'
[16:28:31] [Worker-Main-6/WARN]: Exception loading blockstate definition: 'dungeons:blockstates/dungeons_water.json' missing model for variant: 'dungeons:dungeons_water#level=4'
[16:28:31] [Worker-Main-6/WARN]: Exception loading blockstate definition: 'dungeons:blockstates/dungeons_water.json' missing model for variant: 'dungeons:dungeons_water#level=15'
[16:28:31] [Worker-Main-6/WARN]: Exception loading blockstate definition: 'dungeons:blockstates/dungeons_water.json' missing model for variant: 'dungeons:dungeons_water#level=14'
[16:28:31] [Worker-Main-6/WARN]: Exception loading blockstate definition: 'dungeons:blockstates/dungeons_water.json' missing model for variant: 'dungeons:dungeons_water#level=9'
[16:28:31] [Worker-Main-6/WARN]: Exception loading blockstate definition: 'dungeons:blockstates/dungeons_water.json' missing model for variant: 'dungeons:dungeons_water#level=11'
[16:28:31] [Worker-Main-6/WARN]: Exception loading blockstate definition: 'dungeons:blockstates/dungeons_water.json' missing model for variant: 'dungeons:dungeons_water#level=10'
[16:28:31] [Worker-Main-6/WARN]: Exception loading blockstate definition: 'dungeons:blockstates/dungeons_water.json' missing model for variant: 'dungeons:dungeons_water#level=13'
[16:28:31] [Worker-Main-6/WARN]: Exception loading blockstate definition: 'dungeons:blockstates/dungeons_water.json' missing model for variant: 'dungeons:dungeons_water#level=12'
[16:28:31] [Worker-Main-6/WARN]: Exception loading blockstate definition: dungeons:blockstates/soggy_swamp_water.json: java.io.FileNotFoundException: dungeons:blockstates/soggy_swamp_water.json
[16:28:31] [Worker-Main-6/WARN]: Exception loading blockstate definition: 'dungeons:blockstates/soggy_swamp_water.json' missing model for variant: 'dungeons:soggy_swamp_water#level=12'
[16:28:31] [Worker-Main-6/WARN]: Exception loading blockstate definition: 'dungeons:blockstates/soggy_swamp_water.json' missing model for variant: 'dungeons:soggy_swamp_water#level=11'
[16:28:31] [Worker-Main-6/WARN]: Exception loading blockstate definition: 'dungeons:blockstates/soggy_swamp_water.json' missing model for variant: 'dungeons:soggy_swamp_water#level=14'
[16:28:31] [Worker-Main-6/WARN]: Exception loading blockstate definition: 'dungeons:blockstates/soggy_swamp_water.json' missing model for variant: 'dungeons:soggy_swamp_water#level=13'
[16:28:31] [Worker-Main-6/WARN]: Exception loading blockstate definition: 'dungeons:blockstates/soggy_swamp_water.json' missing model for variant: 'dungeons:soggy_swamp_water#level=6'
[16:28:31] [Worker-Main-6/WARN]: Exception loading blockstate definition: 'dungeons:blockstates/soggy_swamp_water.json' missing model for variant: 'dungeons:soggy_swamp_water#level=7'
[16:28:31] [Worker-Main-6/WARN]: Exception loading blockstate definition: 'dungeons:blockstates/soggy_swamp_water.json' missing model for variant: 'dungeons:soggy_swamp_water#level=8'
[16:28:31] [Worker-Main-6/WARN]: Exception loading blockstate definition: 'dungeons:blockstates/soggy_swamp_water.json' missing model for variant: 'dungeons:soggy_swamp_water#level=10'
[16:28:31] [Worker-Main-6/WARN]: Exception loading blockstate definition: 'dungeons:blockstates/soggy_swamp_water.json' missing model for variant: 'dungeons:soggy_swamp_water#level=9'
[16:28:31] [Worker-Main-6/WARN]: Exception loading blockstate definition: 'dungeons:blockstates/soggy_swamp_water.json' missing model for variant: 'dungeons:soggy_swamp_water#level=2'
[16:28:31] [Worker-Main-6/WARN]: Exception loading blockstate definition: 'dungeons:blockstates/soggy_swamp_water.json' missing model for variant: 'dungeons:soggy_swamp_water#level=3'
[16:28:31] [Worker-Main-6/WARN]: Exception loading blockstate definition: 'dungeons:blockstates/soggy_swamp_water.json' missing model for variant: 'dungeons:soggy_swamp_water#level=4'
[16:28:31] [Worker-Main-6/WARN]: Exception loading blockstate definition: 'dungeons:blockstates/soggy_swamp_water.json' missing model for variant: 'dungeons:soggy_swamp_water#level=5'
[16:28:31] [Worker-Main-6/WARN]: Exception loading blockstate definition: 'dungeons:blockstates/soggy_swamp_water.json' missing model for variant: 'dungeons:soggy_swamp_water#level=15'
[16:28:31] [Worker-Main-6/WARN]: Exception loading blockstate definition: 'dungeons:blockstates/soggy_swamp_water.json' missing model for variant: 'dungeons:soggy_swamp_water#level=0'
[16:28:31] [Worker-Main-6/WARN]: Exception loading blockstate definition: 'dungeons:blockstates/soggy_swamp_water.json' missing model for variant: 'dungeons:soggy_swamp_water#level=1'
[16:28:31] [Worker-Main-6/WARN]: Exception loading blockstate definition: 'dungeons:blockstates/tent.json' missing model for variant: 'dungeons:tent#facing=down'
[16:28:31] [Worker-Main-6/WARN]: Exception loading blockstate definition: 'dungeons:blockstates/tent.json' missing model for variant: 'dungeons:tent#facing=up'
[16:28:31] [Worker-Main-6/WARN]: Exception loading blockstate definition: 'dungeons:blockstates/teapot.json' missing model for variant: 'dungeons:teapot#facing=down'
[16:28:31] [Worker-Main-6/WARN]: Exception loading blockstate definition: 'dungeons:blockstates/teapot.json' missing model for variant: 'dungeons:teapot#facing=up'
[16:28:31] [Worker-Main-6/WARN]: Exception loading blockstate definition: 'dungeons:blockstates/chains.json' missing model for variant: 'dungeons:chains#above=true,below=true'
[16:28:31] [Worker-Main-6/WARN]: Exception loading blockstate definition: 'dungeons:blockstates/cw_gravestone.json' missing model for variant: 'dungeons:cw_gravestone#facing=down'
[16:28:31] [Worker-Main-6/WARN]: Exception loading blockstate definition: 'dungeons:blockstates/cw_gravestone.json' missing model for variant: 'dungeons:cw_gravestone#facing=up'
[16:28:31] [Worker-Main-6/WARN]: Exception loading blockstate definition: 'dungeons:blockstates/cw_mossy_gravestone.json' missing model for variant: 'dungeons:cw_mossy_gravestone#facing=down'
[16:28:31] [Worker-Main-6/WARN]: Exception loading blockstate definition: 'dungeons:blockstates/cw_mossy_gravestone.json' missing model for variant: 'dungeons:cw_mossy_gravestone#facing=up'
[16:28:41] [Worker-Main-6/WARN]: Unable to resolve texture reference: #missing in dungeons:block/teapot
[16:28:41] [Worker-Main-6/WARN]: Unable to resolve texture reference: #missing in dungeons:block/creeper_woods/glow_mushroom/0
[16:28:41] [Worker-Main-6/WARN]: Unable to resolve texture reference: #missing in dungeons:block/creeper_woods/gravestone
[16:28:41] [Worker-Main-6/WARN]: Unable to resolve texture reference: #missing in dungeons:item/cw_glow_mushroom
[16:28:41] [Worker-Main-6/WARN]: Unable to resolve texture reference: #missing in dungeons:block/creeper_woods/pop_flower/0
[16:28:41] [Worker-Main-6/WARN]: Unable to resolve texture reference: #missing in dungeons:block/creeper_woods/pop_flower/1
[16:28:41] [Worker-Main-6/WARN]: Unable to resolve texture reference: #missing in dungeons:block/creeper_woods/pop_flower/2
[16:28:41] [Worker-Main-6/WARN]: Unable to resolve texture reference: #missing in dungeons:block/creeper_woods/pop_flower/3
[16:28:41] [Worker-Main-6/WARN]: Unable to resolve texture reference: #missing in dungeons:block/food_box/orange
[16:28:41] [Worker-Main-6/WARN]: Unable to resolve texture reference: #missing in dungeons:item/fish_food_box
[16:28:41] [Worker-Main-6/WARN]: Unable to resolve texture reference: #missing in dungeons:block/food_box/corn
[16:28:41] [Worker-Main-6/WARN]: Unable to resolve texture reference: #missing in dungeons:block/brazier/unlit
[16:28:41] [Worker-Main-6/WARN]: Unable to resolve texture reference: #missing in dungeons:block/creeper_woods/mossy_gravestone
[16:28:41] [Worker-Main-6/WARN]: Unable to resolve texture reference: #missing in dungeons:item/ripped_banner
[16:28:41] [Worker-Main-6/WARN]: Unable to resolve texture reference: #missing in dungeons:block/creeper_woods/glow_mushroom/1
[16:28:41] [Worker-Main-6/WARN]: Unable to resolve texture reference: #missing in dungeons:block/water_plant
[16:28:41] [Worker-Main-6/WARN]: Unable to resolve texture reference: #missing in dungeons:block/food_box/fish
[16:28:41] [Worker-Main-6/WARN]: Unable to resolve texture reference: #missing in dungeons:block/food_box/apple
[16:28:41] [Worker-Main-6/WARN]: Unable to resolve texture reference: #missing in dungeons:item/unlit_brazier
[16:28:41] [Worker-Main-6/WARN]: Unable to resolve texture reference: #missing in dungeons:item/green_lit_brazier
[16:28:41] [Worker-Main-6/WARN]: Unable to resolve texture reference: #missing in dungeons:block/creeper_woods/glow_mushroom/2
[16:28:41] [Worker-Main-6/WARN]: Unable to resolve texture reference: #missing in dungeons:item/corn_food_box
[16:28:41] [Worker-Main-6/WARN]: Unable to resolve texture reference: #missing in dungeons:block/book/open_0
[16:28:41] [Worker-Main-6/WARN]: Unable to resolve texture reference: #missing in dungeons:block/book/open_1
[16:28:41] [Worker-Main-6/WARN]: Unable to resolve texture reference: #missing in dungeons:block/book/open_2
[16:28:41] [Worker-Main-6/WARN]: Unable to resolve texture reference: #missing in dungeons:item/orange_food_box
[16:28:41] [Worker-Main-6/WARN]: Unable to resolve texture reference: #missing in dungeons:block/book/closed_0
[16:28:41] [Worker-Main-6/WARN]: Unable to resolve texture reference: #missing in dungeons:block/book/closed_1
[16:28:41] [Worker-Main-6/WARN]: Unable to resolve texture reference: #missing in dungeons:block/book/closed_2
[16:28:41] [Worker-Main-6/WARN]: Unable to resolve texture reference: #missing in dungeons:block/tray/yellow_tulip
[16:28:41] [Worker-Main-6/WARN]: Unable to resolve texture reference: #missing in dungeons:block/creeper_woods/glow_mushroom/3
[16:28:41] [Worker-Main-6/WARN]: Unable to resolve texture reference: #missing in dungeons:item/lit_brazier
[16:28:41] [Worker-Main-6/WARN]: Unable to resolve texture reference: #missing in dungeons:item/cw_gravestone
[16:28:41] [Worker-Main-6/WARN]: Unable to resolve texture reference: #missing in dungeons:block/brazier/green_lit
[16:28:41] [Worker-Main-6/WARN]: Unable to resolve texture reference: #missing in dungeons:block/creeper_woods/flower_patch
[16:28:41] [Worker-Main-6/WARN]: Unable to resolve texture reference: #missing in dungeons:item/teapot
[16:28:41] [Worker-Main-6/WARN]: Unable to resolve texture reference: #missing in dungeons:item/open_book
[16:28:41] [Worker-Main-6/WARN]: Unable to resolve texture reference: #missing in dungeons:block/ripped_banner_rotated
[16:28:41] [Worker-Main-6/WARN]: Unable to resolve texture reference: #missing in dungeons:block/ripped_banner
[16:28:41] [Worker-Main-6/WARN]: Unable to resolve texture reference: #missing in dungeons:item/cw_mossy_gravestone
[16:28:41] [Worker-Main-6/WARN]: Unable to resolve texture reference: #missing in dungeons:item/closed_book
[16:28:41] [Worker-Main-6/WARN]: Unable to resolve texture reference: #missing in dungeons:block/brazier/lit
[16:28:41] [Worker-Main-6/WARN]: Unable to resolve texture reference: #missing in dungeons:item/apple_food_box
[16:28:41] [Worker-Main-8/ERROR]: Using missing texture, unable to load dungeons:textures/particle/particle/green_flame.png : java.io.FileNotFoundException: dungeons:textures/particle/particle/green_flame.png
[16:28:43] [Worker-Main-6/WARN]: Texture dungeons:block/creeper_woods/flower_patch with size 8x8 limits mip level from 4 to 3
[16:28:43] [Worker-Main-6/WARN]: minecraft:textures/atlas/blocks.png: dropping miplevel from 4 to 3, because of minimum power of two: 8
[16:28:44] [main/WARN]: Missing sound for event: astromine:empty
[16:28:45] [main/INFO]: OpenAL initialized.
[16:28:45] [main/INFO]: Sound engine started
[16:28:45] [main/INFO]: Created: 2048x2048x3 minecraft:textures/atlas/blocks.png-atlas
[16:28:45] [main/INFO]: Created: 256x128x4 minecraft:textures/atlas/signs.png-atlas
[16:28:45] [main/INFO]: Created: 1024x512x4 minecraft:textures/atlas/banner_patterns.png-atlas
[16:28:45] [main/INFO]: Created: 1024x512x4 minecraft:textures/atlas/shield_patterns.png-atlas
[16:28:45] [main/INFO]: Created: 256x256x4 minecraft:textures/atlas/chest.png-atlas
[16:28:45] [main/INFO]: Created: 512x256x4 minecraft:textures/atlas/beds.png-atlas
[16:28:45] [main/INFO]: Created: 512x256x4 minecraft:textures/atlas/shulker_boxes.png-atlas
[16:28:47] [main/INFO]: Created: 256x256x0 minecraft:textures/atlas/particles.png-atlas
[16:28:47] [main/INFO]: Created: 256x256x0 minecraft:textures/atlas/paintings.png-atlas
[16:28:47] [main/INFO]: Created: 256x128x0 minecraft:textures/atlas/mob_effects.png-atlas
[16:28:47] [main/INFO]: Parsing theme spinnery:dark
[16:28:47] [main/INFO]: Parsing theme spinnery:default
[16:28:47] [main/ERROR]: Failed to read configuration file for spinnery!
[16:29:45] [main/INFO]: Connecting to Segreguj.com, 25565
[16:29:46] [main/INFO]: Started 4 worker threads
[16:29:46] [main/INFO]: Environment: authHost='https://authserver.mojang.com', accountsHost='https://api.mojang.com', sessionHost='https://sessionserver.mojang.com', name='PROD'
[16:29:47] [REI-SyncRecipes/INFO]: Reloading REI, registered 4 plugins: spinnery:rei_plugin, astromine:rei_plugin, roughlyenoughitems:default_auto_crafting_plugin, roughlyenoughitems:default_plugin
[16:29:47] [REI-SyncRecipes/INFO]: Applied Check Tags for potion in 7ms.
[16:29:47] [REI-SyncRecipes/INFO]: Refiltered 0 entries with 1 rules in 47ms.
[16:29:47] [REI-SyncRecipes/INFO]: Reloaded 3125 stack entries, 1476 recipes displays, 3 exclusion zones suppliers, 6 overlay deciders, 1 visibility handlers and 21 categories (Crafting, Smelting, Smoking, Blasting, Campfire, Stone Cutting, Fuel, Brewing, Composting, Stripping, Smithing, Beacon Base, Information, Triturating, Electric Smelting, Liquid Generating, Solid Generating, Fluid Mixing, Electrolyzing, Pressing, Alloy Smelting) in 448ms.
[16:29:48] [main/INFO]: [CHAT] [HolographicDisplays] Found an update: v2.4.4. Download:
[16:29:48] [main/INFO]: [CHAT] >> http://dev.bukkit.org/bukkit-plugins/holographic-displays
[16:29:48] [main/INFO]: [CHAT] mateale1234 joined the game
[16:29:51] [main/INFO]: [CHAT] §ENo waypoints exist for this world/server.
[16:29:51] [main/INFO]: [CHAT] Logged-in due to Session Reconnection.
[16:29:51] [main/INFO]: [CHAT] Welcome, mateale1234!
[16:29:51] [main/INFO]: [CHAT] Type /help for a list of commands.
[16:29:51] [main/INFO]: [CHAT] Type /list to see who else is online.
[16:29:51] [main/INFO]: [CHAT] Players online: 1 - World time: 6:00 AM
[16:29:51] [main/INFO]: [CHAT] You have no new mail.
[16:29:52] [main/INFO]: Loaded 143 advancements
[16:29:52] [main/INFO]: [CHAT] Successful login!
[16:29:52] [main/INFO]: [CHAT] Witamy mateale1234 na Segreguj.com
[16:29:52] [main/INFO]: [CHAT] 
[16:29:52] [main/INFO]: [CHAT] Zapraszamy discorda https://discord.gg/frEKJJA
[16:29:52] [main/INFO]: [CHAT] 
[16:49:54] [main/INFO]: [CHAT] agent_kapi joined the game
[16:50:39] [main/INFO]: [CHAT] agent_kapi left the game
[17:07:55] [main/INFO]: [CHAT] You cannot do this yet!
[17:07:55] [main/INFO]: Stopping worker threads
[17:07:55] [main/INFO]: Started 4 worker threads
[17:07:55] [main/INFO]: Stopping worker threads
[17:07:55] [main/INFO]: Started 4 worker threads
[17:07:55] [main/INFO]: Environment: authHost='https://authserver.mojang.com', accountsHost='https://api.mojang.com', sessionHost='https://sessionserver.mojang.com', name='PROD'
[17:07:55] [main/FATAL]: Error executing task on Client
java.lang.NullPointerException: null
	at net.minecraft.class_269.method_1191(class_269.java:199) ~[intermediary-1.16.1.jar:?]
	at net.minecraft.class_634.method_11099(class_634.java:2175) ~[intermediary-1.16.1.jar:?]
	at net.minecraft.class_2755.method_11860(class_2755.java:122) ~[intermediary-1.16.1.jar:?]
	at net.minecraft.class_2755.method_11054(class_2755.java:16) ~[intermediary-1.16.1.jar:?]
	at net.minecraft.class_2600.method_11072(class_2600.java:21) ~[intermediary-1.16.1.jar:?]
	at net.minecraft.class_2600$$Lambda$4625/1628959868.run(Unknown Source) ~[?:?]
	at net.minecraft.class_1255.method_18859(class_1255.java:144) [intermediary-1.16.1.jar:?]
	at net.minecraft.class_4093.method_18859(class_4093.java:23) [intermediary-1.16.1.jar:?]
	at net.minecraft.class_1255.method_16075(class_1255.java:118) [intermediary-1.16.1.jar:?]
	at net.minecraft.class_1255.method_5383(class_1255.java:103) [intermediary-1.16.1.jar:?]
	at net.minecraft.class_310.method_1523(class_310.java:988) [intermediary-1.16.1.jar:?]
	at net.minecraft.class_310.method_1514(class_310.java:654) [intermediary-1.16.1.jar:?]
	at net.minecraft.client.main.Main.main(Main.java:215) [intermediary-1.16.1.jar:?]
	at sun.reflect.NativeMethodAccessorImpl.invoke0(Native Method) ~[?:1.8.0_51]
	at sun.reflect.NativeMethodAccessorImpl.invoke(NativeMethodAccessorImpl.java:62) ~[?:1.8.0_51]
	at sun.reflect.DelegatingMethodAccessorImpl.invoke(DelegatingMethodAccessorImpl.java:43) ~[?:1.8.0_51]
	at java.lang.reflect.Method.invoke(Method.java:497) ~[?:1.8.0_51]
	at net.fabricmc.loader.game.MinecraftGameProvider.launch(MinecraftGameProvider.java:224) [fabric-loader-0.10.5+build.213.jar:?]
	at net.fabricmc.loader.launch.knot.Knot.init(Knot.java:140) [fabric-loader-0.10.5+build.213.jar:?]
	at net.fabricmc.loader.launch.knot.KnotClient.main(KnotClient.java:26) [fabric-loader-0.10.5+build.213.jar:?]
	at sun.reflect.NativeMethodAccessorImpl.invoke0(Native Method) ~[?:1.8.0_51]
	at sun.reflect.NativeMethodAccessorImpl.invoke(NativeMethodAccessorImpl.java:62) ~[?:1.8.0_51]
	at sun.reflect.DelegatingMethodAccessorImpl.invoke(DelegatingMethodAccessorImpl.java:43) ~[?:1.8.0_51]
	at java.lang.reflect.Method.invoke(Method.java:497) ~[?:1.8.0_51]
	at link.infra.jumploader.Jumploader.onLoad(Jumploader.java:171) [jumploader-2.0.1.jar:2.0.1]
	at cpw.mods.modlauncher.TransformationServiceDecorator.onLoad(TransformationServiceDecorator.java:53) [modlauncher-6.1.1.jar:?]
	at cpw.mods.modlauncher.TransformationServicesHandler.lambda$loadTransformationServices$11(TransformationServicesHandler.java:131) [modlauncher-6.1.1.jar:?]
	at cpw.mods.modlauncher.TransformationServicesHandler$$Lambda$51/842741472.accept(Unknown Source) [modlauncher-6.1.1.jar:?]
	at java.util.HashMap$Values.forEach(HashMap.java:972) [?:1.8.0_51]
	at cpw.mods.modlauncher.TransformationServicesHandler.loadTransformationServices(TransformationServicesHandler.java:131) [modlauncher-6.1.1.jar:?]
	at cpw.mods.modlauncher.TransformationServicesHandler.initializeTransformationServices(TransformationServicesHandler.java:56) [modlauncher-6.1.1.jar:?]
	at cpw.mods.modlauncher.Launcher.run(Launcher.java:75) [modlauncher-6.1.1.jar:?]
	at cpw.mods.modlauncher.Launcher.main(Launcher.java:65) [modlauncher-6.1.1.jar:?]
[17:07:55] [main/FATAL]: Error executing task on Client
java.lang.NullPointerException: null
	at net.minecraft.class_269.method_1191(class_269.java:199) ~[intermediary-1.16.1.jar:?]
	at net.minecraft.class_634.method_11099(class_634.java:2175) ~[intermediary-1.16.1.jar:?]
	at net.minecraft.class_2755.method_11860(class_2755.java:122) ~[intermediary-1.16.1.jar:?]
	at net.minecraft.class_2755.method_11054(class_2755.java:16) ~[intermediary-1.16.1.jar:?]
	at net.minecraft.class_2600.method_11072(class_2600.java:21) ~[intermediary-1.16.1.jar:?]
	at net.minecraft.class_2600$$Lambda$4625/1628959868.run(Unknown Source) ~[?:?]
	at net.minecraft.class_1255.method_18859(class_1255.java:144) [intermediary-1.16.1.jar:?]
	at net.minecraft.class_4093.method_18859(class_4093.java:23) [intermediary-1.16.1.jar:?]
	at net.minecraft.class_1255.method_16075(class_1255.java:118) [intermediary-1.16.1.jar:?]
	at net.minecraft.class_1255.method_5383(class_1255.java:103) [intermediary-1.16.1.jar:?]
	at net.minecraft.class_310.method_1523(class_310.java:988) [intermediary-1.16.1.jar:?]
	at net.minecraft.class_310.method_1514(class_310.java:654) [intermediary-1.16.1.jar:?]
	at net.minecraft.client.main.Main.main(Main.java:215) [intermediary-1.16.1.jar:?]
	at sun.reflect.NativeMethodAccessorImpl.invoke0(Native Method) ~[?:1.8.0_51]
	at sun.reflect.NativeMethodAccessorImpl.invoke(NativeMethodAccessorImpl.java:62) ~[?:1.8.0_51]
	at sun.reflect.DelegatingMethodAccessorImpl.invoke(DelegatingMethodAccessorImpl.java:43) ~[?:1.8.0_51]
	at java.lang.reflect.Method.invoke(Method.java:497) ~[?:1.8.0_51]
	at net.fabricmc.loader.game.MinecraftGameProvider.launch(MinecraftGameProvider.java:224) [fabric-loader-0.10.5+build.213.jar:?]
	at net.fabricmc.loader.launch.knot.Knot.init(Knot.java:140) [fabric-loader-0.10.5+build.213.jar:?]
	at net.fabricmc.loader.launch.knot.KnotClient.main(KnotClient.java:26) [fabric-loader-0.10.5+build.213.jar:?]
	at sun.reflect.NativeMethodAccessorImpl.invoke0(Native Method) ~[?:1.8.0_51]
	at sun.reflect.NativeMethodAccessorImpl.invoke(NativeMethodAccessorImpl.java:62) ~[?:1.8.0_51]
	at sun.reflect.DelegatingMethodAccessorImpl.invoke(DelegatingMethodAccessorImpl.java:43) ~[?:1.8.0_51]
	at java.lang.reflect.Method.invoke(Method.java:497) ~[?:1.8.0_51]
	at link.infra.jumploader.Jumploader.onLoad(Jumploader.java:171) [jumploader-2.0.1.jar:2.0.1]
	at cpw.mods.modlauncher.TransformationServiceDecorator.onLoad(TransformationServiceDecorator.java:53) [modlauncher-6.1.1.jar:?]
	at cpw.mods.modlauncher.TransformationServicesHandler.lambda$loadTransformationServices$11(TransformationServicesHandler.java:131) [modlauncher-6.1.1.jar:?]
	at cpw.mods.modlauncher.TransformationServicesHandler$$Lambda$51/842741472.accept(Unknown Source) [modlauncher-6.1.1.jar:?]
	at java.util.HashMap$Values.forEach(HashMap.java:972) [?:1.8.0_51]
	at cpw.mods.modlauncher.TransformationServicesHandler.loadTransformationServices(TransformationServicesHandler.java:131) [modlauncher-6.1.1.jar:?]
	at cpw.mods.modlauncher.TransformationServicesHandler.initializeTransformationServices(TransformationServicesHandler.java:56) [modlauncher-6.1.1.jar:?]
	at cpw.mods.modlauncher.Launcher.run(Launcher.java:75) [modlauncher-6.1.1.jar:?]
	at cpw.mods.modlauncher.Launcher.main(Launcher.java:65) [modlauncher-6.1.1.jar:?]
[17:07:55] [main/FATAL]: Error executing task on Client
java.lang.NullPointerException: null
	at net.minecraft.class_269.method_1191(class_269.java:199) ~[intermediary-1.16.1.jar:?]
	at net.minecraft.class_634.method_11099(class_634.java:2175) ~[intermediary-1.16.1.jar:?]
	at net.minecraft.class_2755.method_11860(class_2755.java:122) ~[intermediary-1.16.1.jar:?]
	at net.minecraft.class_2755.method_11054(class_2755.java:16) ~[intermediary-1.16.1.jar:?]
	at net.minecraft.class_2600.method_11072(class_2600.java:21) ~[intermediary-1.16.1.jar:?]
	at net.minecraft.class_2600$$Lambda$4625/1628959868.run(Unknown Source) ~[?:?]
	at net.minecraft.class_1255.method_18859(class_1255.java:144) [intermediary-1.16.1.jar:?]
	at net.minecraft.class_4093.method_18859(class_4093.java:23) [intermediary-1.16.1.jar:?]
	at net.minecraft.class_1255.method_16075(class_1255.java:118) [intermediary-1.16.1.jar:?]
	at net.minecraft.class_1255.method_5383(class_1255.java:103) [intermediary-1.16.1.jar:?]
	at net.minecraft.class_310.method_1523(class_310.java:988) [intermediary-1.16.1.jar:?]
	at net.minecraft.class_310.method_1514(class_310.java:654) [intermediary-1.16.1.jar:?]
	at net.minecraft.client.main.Main.main(Main.java:215) [intermediary-1.16.1.jar:?]
	at sun.reflect.NativeMethodAccessorImpl.invoke0(Native Method) ~[?:1.8.0_51]
	at sun.reflect.NativeMethodAccessorImpl.invoke(NativeMethodAccessorImpl.java:62) ~[?:1.8.0_51]
	at sun.reflect.DelegatingMethodAccessorImpl.invoke(DelegatingMethodAccessorImpl.java:43) ~[?:1.8.0_51]
	at java.lang.reflect.Method.invoke(Method.java:497) ~[?:1.8.0_51]
	at net.fabricmc.loader.game.MinecraftGameProvider.launch(MinecraftGameProvider.java:224) [fabric-loader-0.10.5+build.213.jar:?]
	at net.fabricmc.loader.launch.knot.Knot.init(Knot.java:140) [fabric-loader-0.10.5+build.213.jar:?]
	at net.fabricmc.loader.launch.knot.KnotClient.main(KnotClient.java:26) [fabric-loader-0.10.5+build.213.jar:?]
	at sun.reflect.NativeMethodAccessorImpl.invoke0(Native Method) ~[?:1.8.0_51]
	at sun.reflect.NativeMethodAccessorImpl.invoke(NativeMethodAccessorImpl.java:62) ~[?:1.8.0_51]
	at sun.reflect.DelegatingMethodAccessorImpl.invoke(DelegatingMethodAccessorImpl.java:43) ~[?:1.8.0_51]
	at java.lang.reflect.Method.invoke(Method.java:497) ~[?:1.8.0_51]
	at link.infra.jumploader.Jumploader.onLoad(Jumploader.java:171) [jumploader-2.0.1.jar:2.0.1]
	at cpw.mods.modlauncher.TransformationServiceDecorator.onLoad(TransformationServiceDecorator.java:53) [modlauncher-6.1.1.jar:?]
	at cpw.mods.modlauncher.TransformationServicesHandler.lambda$loadTransformationServices$11(TransformationServicesHandler.java:131) [modlauncher-6.1.1.jar:?]
	at cpw.mods.modlauncher.TransformationServicesHandler$$Lambda$51/842741472.accept(Unknown Source) [modlauncher-6.1.1.jar:?]
	at java.util.HashMap$Values.forEach(HashMap.java:972) [?:1.8.0_51]
	at cpw.mods.modlauncher.TransformationServicesHandler.loadTransformationServices(TransformationServicesHandler.java:131) [modlauncher-6.1.1.jar:?]
	at cpw.mods.modlauncher.TransformationServicesHandler.initializeTransformationServices(TransformationServicesHandler.java:56) [modlauncher-6.1.1.jar:?]
	at cpw.mods.modlauncher.Launcher.run(Launcher.java:75) [modlauncher-6.1.1.jar:?]
	at cpw.mods.modlauncher.Launcher.main(Launcher.java:65) [modlauncher-6.1.1.jar:?]
[17:07:55] [main/FATAL]: Error executing task on Client
java.lang.NullPointerException: null
	at net.minecraft.class_269.method_1191(class_269.java:199) ~[intermediary-1.16.1.jar:?]
	at net.minecraft.class_634.method_11099(class_634.java:2175) ~[intermediary-1.16.1.jar:?]
	at net.minecraft.class_2755.method_11860(class_2755.java:122) ~[intermediary-1.16.1.jar:?]
	at net.minecraft.class_2755.method_11054(class_2755.java:16) ~[intermediary-1.16.1.jar:?]
	at net.minecraft.class_2600.method_11072(class_2600.java:21) ~[intermediary-1.16.1.jar:?]
	at net.minecraft.class_2600$$Lambda$4625/1628959868.run(Unknown Source) ~[?:?]
	at net.minecraft.class_1255.method_18859(class_1255.java:144) [intermediary-1.16.1.jar:?]
	at net.minecraft.class_4093.method_18859(class_4093.java:23) [intermediary-1.16.1.jar:?]
	at net.minecraft.class_1255.method_16075(class_1255.java:118) [intermediary-1.16.1.jar:?]
	at net.minecraft.class_1255.method_5383(class_1255.java:103) [intermediary-1.16.1.jar:?]
	at net.minecraft.class_310.method_1523(class_310.java:988) [intermediary-1.16.1.jar:?]
	at net.minecraft.class_310.method_1514(class_310.java:654) [intermediary-1.16.1.jar:?]
	at net.minecraft.client.main.Main.main(Main.java:215) [intermediary-1.16.1.jar:?]
	at sun.reflect.NativeMethodAccessorImpl.invoke0(Native Method) ~[?:1.8.0_51]
	at sun.reflect.NativeMethodAccessorImpl.invoke(NativeMethodAccessorImpl.java:62) ~[?:1.8.0_51]
	at sun.reflect.DelegatingMethodAccessorImpl.invoke(DelegatingMethodAccessorImpl.java:43) ~[?:1.8.0_51]
	at java.lang.reflect.Method.invoke(Method.java:497) ~[?:1.8.0_51]
	at net.fabricmc.loader.game.MinecraftGameProvider.launch(MinecraftGameProvider.java:224) [fabric-loader-0.10.5+build.213.jar:?]
	at net.fabricmc.loader.launch.knot.Knot.init(Knot.java:140) [fabric-loader-0.10.5+build.213.jar:?]
	at net.fabricmc.loader.launch.knot.KnotClient.main(KnotClient.java:26) [fabric-loader-0.10.5+build.213.jar:?]
	at sun.reflect.NativeMethodAccessorImpl.invoke0(Native Method) ~[?:1.8.0_51]
	at sun.reflect.NativeMethodAccessorImpl.invoke(NativeMethodAccessorImpl.java:62) ~[?:1.8.0_51]
	at sun.reflect.DelegatingMethodAccessorImpl.invoke(DelegatingMethodAccessorImpl.java:43) ~[?:1.8.0_51]
	at java.lang.reflect.Method.invoke(Method.java:497) ~[?:1.8.0_51]
	at link.infra.jumploader.Jumploader.onLoad(Jumploader.java:171) [jumploader-2.0.1.jar:2.0.1]
	at cpw.mods.modlauncher.TransformationServiceDecorator.onLoad(TransformationServiceDecorator.java:53) [modlauncher-6.1.1.jar:?]
	at cpw.mods.modlauncher.TransformationServicesHandler.lambda$loadTransformationServices$11(TransformationServicesHandler.java:131) [modlauncher-6.1.1.jar:?]
	at cpw.mods.modlauncher.TransformationServicesHandler$$Lambda$51/842741472.accept(Unknown Source) [modlauncher-6.1.1.jar:?]
	at java.util.HashMap$Values.forEach(HashMap.java:972) [?:1.8.0_51]
	at cpw.mods.modlauncher.TransformationServicesHandler.loadTransformationServices(TransformationServicesHandler.java:131) [modlauncher-6.1.1.jar:?]
	at cpw.mods.modlauncher.TransformationServicesHandler.initializeTransformationServices(TransformationServicesHandler.java:56) [modlauncher-6.1.1.jar:?]
	at cpw.mods.modlauncher.Launcher.run(Launcher.java:75) [modlauncher-6.1.1.jar:?]
	at cpw.mods.modlauncher.Launcher.main(Launcher.java:65) [modlauncher-6.1.1.jar:?]
[17:07:55] [main/FATAL]: Error executing task on Client
java.lang.NullPointerException: null
	at net.minecraft.class_269.method_1191(class_269.java:199) ~[intermediary-1.16.1.jar:?]
	at net.minecraft.class_634.method_11099(class_634.java:2175) ~[intermediary-1.16.1.jar:?]
	at net.minecraft.class_2755.method_11860(class_2755.java:122) ~[intermediary-1.16.1.jar:?]
	at net.minecraft.class_2755.method_11054(class_2755.java:16) ~[intermediary-1.16.1.jar:?]
	at net.minecraft.class_2600.method_11072(class_2600.java:21) ~[intermediary-1.16.1.jar:?]
	at net.minecraft.class_2600$$Lambda$4625/1628959868.run(Unknown Source) ~[?:?]
	at net.minecraft.class_1255.method_18859(class_1255.java:144) [intermediary-1.16.1.jar:?]
	at net.minecraft.class_4093.method_18859(class_4093.java:23) [intermediary-1.16.1.jar:?]
	at net.minecraft.class_1255.method_16075(class_1255.java:118) [intermediary-1.16.1.jar:?]
	at net.minecraft.class_1255.method_5383(class_1255.java:103) [intermediary-1.16.1.jar:?]
	at net.minecraft.class_310.method_1523(class_310.java:988) [intermediary-1.16.1.jar:?]
	at net.minecraft.class_310.method_1514(class_310.java:654) [intermediary-1.16.1.jar:?]
	at net.minecraft.client.main.Main.main(Main.java:215) [intermediary-1.16.1.jar:?]
	at sun.reflect.NativeMethodAccessorImpl.invoke0(Native Method) ~[?:1.8.0_51]
	at sun.reflect.NativeMethodAccessorImpl.invoke(NativeMethodAccessorImpl.java:62) ~[?:1.8.0_51]
	at sun.reflect.DelegatingMethodAccessorImpl.invoke(DelegatingMethodAccessorImpl.java:43) ~[?:1.8.0_51]
	at java.lang.reflect.Method.invoke(Method.java:497) ~[?:1.8.0_51]
	at net.fabricmc.loader.game.MinecraftGameProvider.launch(MinecraftGameProvider.java:224) [fabric-loader-0.10.5+build.213.jar:?]
	at net.fabricmc.loader.launch.knot.Knot.init(Knot.java:140) [fabric-loader-0.10.5+build.213.jar:?]
	at net.fabricmc.loader.launch.knot.KnotClient.main(KnotClient.java:26) [fabric-loader-0.10.5+build.213.jar:?]
	at sun.reflect.NativeMethodAccessorImpl.invoke0(Native Method) ~[?:1.8.0_51]
	at sun.reflect.NativeMethodAccessorImpl.invoke(NativeMethodAccessorImpl.java:62) ~[?:1.8.0_51]
	at sun.reflect.DelegatingMethodAccessorImpl.invoke(DelegatingMethodAccessorImpl.java:43) ~[?:1.8.0_51]
	at java.lang.reflect.Method.invoke(Method.java:497) ~[?:1.8.0_51]
	at link.infra.jumploader.Jumploader.onLoad(Jumploader.java:171) [jumploader-2.0.1.jar:2.0.1]
	at cpw.mods.modlauncher.TransformationServiceDecorator.onLoad(TransformationServiceDecorator.java:53) [modlauncher-6.1.1.jar:?]
	at cpw.mods.modlauncher.TransformationServicesHandler.lambda$loadTransformationServices$11(TransformationServicesHandler.java:131) [modlauncher-6.1.1.jar:?]
	at cpw.mods.modlauncher.TransformationServicesHandler$$Lambda$51/842741472.accept(Unknown Source) [modlauncher-6.1.1.jar:?]
	at java.util.HashMap$Values.forEach(HashMap.java:972) [?:1.8.0_51]
	at cpw.mods.modlauncher.TransformationServicesHandler.loadTransformationServices(TransformationServicesHandler.java:131) [modlauncher-6.1.1.jar:?]
	at cpw.mods.modlauncher.TransformationServicesHandler.initializeTransformationServices(TransformationServicesHandler.java:56) [modlauncher-6.1.1.jar:?]
	at cpw.mods.modlauncher.Launcher.run(Launcher.java:75) [modlauncher-6.1.1.jar:?]
	at cpw.mods.modlauncher.Launcher.main(Launcher.java:65) [modlauncher-6.1.1.jar:?]
[17:07:55] [main/FATAL]: Error executing task on Client
java.lang.NullPointerException: null
	at net.minecraft.class_269.method_1191(class_269.java:199) ~[intermediary-1.16.1.jar:?]
	at net.minecraft.class_634.method_11099(class_634.java:2175) ~[intermediary-1.16.1.jar:?]
	at net.minecraft.class_2755.method_11860(class_2755.java:122) ~[intermediary-1.16.1.jar:?]
	at net.minecraft.class_2755.method_11054(class_2755.java:16) ~[intermediary-1.16.1.jar:?]
	at net.minecraft.class_2600.method_11072(class_2600.java:21) ~[intermediary-1.16.1.jar:?]
	at net.minecraft.class_2600$$Lambda$4625/1628959868.run(Unknown Source) ~[?:?]
	at net.minecraft.class_1255.method_18859(class_1255.java:144) [intermediary-1.16.1.jar:?]
	at net.minecraft.class_4093.method_18859(class_4093.java:23) [intermediary-1.16.1.jar:?]
	at net.minecraft.class_1255.method_16075(class_1255.java:118) [intermediary-1.16.1.jar:?]
	at net.minecraft.class_1255.method_5383(class_1255.java:103) [intermediary-1.16.1.jar:?]
	at net.minecraft.class_310.method_1523(class_310.java:988) [intermediary-1.16.1.jar:?]
	at net.minecraft.class_310.method_1514(class_310.java:654) [intermediary-1.16.1.jar:?]
	at net.minecraft.client.main.Main.main(Main.java:215) [intermediary-1.16.1.jar:?]
	at sun.reflect.NativeMethodAccessorImpl.invoke0(Native Method) ~[?:1.8.0_51]
	at sun.reflect.NativeMethodAccessorImpl.invoke(NativeMethodAccessorImpl.java:62) ~[?:1.8.0_51]
	at sun.reflect.DelegatingMethodAccessorImpl.invoke(DelegatingMethodAccessorImpl.java:43) ~[?:1.8.0_51]
	at java.lang.reflect.Method.invoke(Method.java:497) ~[?:1.8.0_51]
	at net.fabricmc.loader.game.MinecraftGameProvider.launch(MinecraftGameProvider.java:224) [fabric-loader-0.10.5+build.213.jar:?]
	at net.fabricmc.loader.launch.knot.Knot.init(Knot.java:140) [fabric-loader-0.10.5+build.213.jar:?]
	at net.fabricmc.loader.launch.knot.KnotClient.main(KnotClient.java:26) [fabric-loader-0.10.5+build.213.jar:?]
	at sun.reflect.NativeMethodAccessorImpl.invoke0(Native Method) ~[?:1.8.0_51]
	at sun.reflect.NativeMethodAccessorImpl.invoke(NativeMethodAccessorImpl.java:62) ~[?:1.8.0_51]
	at sun.reflect.DelegatingMethodAccessorImpl.invoke(DelegatingMethodAccessorImpl.java:43) ~[?:1.8.0_51]
	at java.lang.reflect.Method.invoke(Method.java:497) ~[?:1.8.0_51]
	at link.infra.jumploader.Jumploader.onLoad(Jumploader.java:171) [jumploader-2.0.1.jar:2.0.1]
	at cpw.mods.modlauncher.TransformationServiceDecorator.onLoad(TransformationServiceDecorator.java:53) [modlauncher-6.1.1.jar:?]
	at cpw.mods.modlauncher.TransformationServicesHandler.lambda$loadTransformationServices$11(TransformationServicesHandler.java:131) [modlauncher-6.1.1.jar:?]
	at cpw.mods.modlauncher.TransformationServicesHandler$$Lambda$51/842741472.accept(Unknown Source) [modlauncher-6.1.1.jar:?]
	at java.util.HashMap$Values.forEach(HashMap.java:972) [?:1.8.0_51]
	at cpw.mods.modlauncher.TransformationServicesHandler.loadTransformationServices(TransformationServicesHandler.java:131) [modlauncher-6.1.1.jar:?]
	at cpw.mods.modlauncher.TransformationServicesHandler.initializeTransformationServices(TransformationServicesHandler.java:56) [modlauncher-6.1.1.jar:?]
	at cpw.mods.modlauncher.Launcher.run(Launcher.java:75) [modlauncher-6.1.1.jar:?]
	at cpw.mods.modlauncher.Launcher.main(Launcher.java:65) [modlauncher-6.1.1.jar:?]
[17:07:55] [main/FATAL]: Error executing task on Client
java.lang.NullPointerException: null
	at net.minecraft.class_269.method_1191(class_269.java:199) ~[intermediary-1.16.1.jar:?]
	at net.minecraft.class_634.method_11099(class_634.java:2175) ~[intermediary-1.16.1.jar:?]
	at net.minecraft.class_2755.method_11860(class_2755.java:122) ~[intermediary-1.16.1.jar:?]
	at net.minecraft.class_2755.method_11054(class_2755.java:16) ~[intermediary-1.16.1.jar:?]
	at net.minecraft.class_2600.method_11072(class_2600.java:21) ~[intermediary-1.16.1.jar:?]
	at net.minecraft.class_2600$$Lambda$4625/1628959868.run(Unknown Source) ~[?:?]
	at net.minecraft.class_1255.method_18859(class_1255.java:144) [intermediary-1.16.1.jar:?]
	at net.minecraft.class_4093.method_18859(class_4093.java:23) [intermediary-1.16.1.jar:?]
	at net.minecraft.class_1255.method_16075(class_1255.java:118) [intermediary-1.16.1.jar:?]
	at net.minecraft.class_1255.method_5383(class_1255.java:103) [intermediary-1.16.1.jar:?]
	at net.minecraft.class_310.method_1523(class_310.java:988) [intermediary-1.16.1.jar:?]
	at net.minecraft.class_310.method_1514(class_310.java:654) [intermediary-1.16.1.jar:?]
	at net.minecraft.client.main.Main.main(Main.java:215) [intermediary-1.16.1.jar:?]
	at sun.reflect.NativeMethodAccessorImpl.invoke0(Native Method) ~[?:1.8.0_51]
	at sun.reflect.NativeMethodAccessorImpl.invoke(NativeMethodAccessorImpl.java:62) ~[?:1.8.0_51]
	at sun.reflect.DelegatingMethodAccessorImpl.invoke(DelegatingMethodAccessorImpl.java:43) ~[?:1.8.0_51]
	at java.lang.reflect.Method.invoke(Method.java:497) ~[?:1.8.0_51]
	at net.fabricmc.loader.game.MinecraftGameProvider.launch(MinecraftGameProvider.java:224) [fabric-loader-0.10.5+build.213.jar:?]
	at net.fabricmc.loader.launch.knot.Knot.init(Knot.java:140) [fabric-loader-0.10.5+build.213.jar:?]
	at net.fabricmc.loader.launch.knot.KnotClient.main(KnotClient.java:26) [fabric-loader-0.10.5+build.213.jar:?]
	at sun.reflect.NativeMethodAccessorImpl.invoke0(Native Method) ~[?:1.8.0_51]
	at sun.reflect.NativeMethodAccessorImpl.invoke(NativeMethodAccessorImpl.java:62) ~[?:1.8.0_51]
	at sun.reflect.DelegatingMethodAccessorImpl.invoke(DelegatingMethodAccessorImpl.java:43) ~[?:1.8.0_51]
	at java.lang.reflect.Method.invoke(Method.java:497) ~[?:1.8.0_51]
	at link.infra.jumploader.Jumploader.onLoad(Jumploader.java:171) [jumploader-2.0.1.jar:2.0.1]
	at cpw.mods.modlauncher.TransformationServiceDecorator.onLoad(TransformationServiceDecorator.java:53) [modlauncher-6.1.1.jar:?]
	at cpw.mods.modlauncher.TransformationServicesHandler.lambda$loadTransformationServices$11(TransformationServicesHandler.java:131) [modlauncher-6.1.1.jar:?]
	at cpw.mods.modlauncher.TransformationServicesHandler$$Lambda$51/842741472.accept(Unknown Source) [modlauncher-6.1.1.jar:?]
	at java.util.HashMap$Values.forEach(HashMap.java:972) [?:1.8.0_51]
	at cpw.mods.modlauncher.TransformationServicesHandler.loadTransformationServices(TransformationServicesHandler.java:131) [modlauncher-6.1.1.jar:?]
	at cpw.mods.modlauncher.TransformationServicesHandler.initializeTransformationServices(TransformationServicesHandler.java:56) [modlauncher-6.1.1.jar:?]
	at cpw.mods.modlauncher.Launcher.run(Launcher.java:75) [modlauncher-6.1.1.jar:?]
	at cpw.mods.modlauncher.Launcher.main(Launcher.java:65) [modlauncher-6.1.1.jar:?]
[17:07:55] [main/FATAL]: Error executing task on Client
java.lang.NullPointerException: null
	at net.minecraft.class_269.method_1191(class_269.java:199) ~[intermediary-1.16.1.jar:?]
	at net.minecraft.class_634.method_11099(class_634.java:2175) ~[intermediary-1.16.1.jar:?]
	at net.minecraft.class_2755.method_11860(class_2755.java:122) ~[intermediary-1.16.1.jar:?]
	at net.minecraft.class_2755.method_11054(class_2755.java:16) ~[intermediary-1.16.1.jar:?]
	at net.minecraft.class_2600.method_11072(class_2600.java:21) ~[intermediary-1.16.1.jar:?]
	at net.minecraft.class_2600$$Lambda$4625/1628959868.run(Unknown Source) ~[?:?]
	at net.minecraft.class_1255.method_18859(class_1255.java:144) [intermediary-1.16.1.jar:?]
	at net.minecraft.class_4093.method_18859(class_4093.java:23) [intermediary-1.16.1.jar:?]
	at net.minecraft.class_1255.method_16075(class_1255.java:118) [intermediary-1.16.1.jar:?]
	at net.minecraft.class_1255.method_5383(class_1255.java:103) [intermediary-1.16.1.jar:?]
	at net.minecraft.class_310.method_1523(class_310.java:988) [intermediary-1.16.1.jar:?]
	at net.minecraft.class_310.method_1514(class_310.java:654) [intermediary-1.16.1.jar:?]
	at net.minecraft.client.main.Main.main(Main.java:215) [intermediary-1.16.1.jar:?]
	at sun.reflect.NativeMethodAccessorImpl.invoke0(Native Method) ~[?:1.8.0_51]
	at sun.reflect.NativeMethodAccessorImpl.invoke(NativeMethodAccessorImpl.java:62) ~[?:1.8.0_51]
	at sun.reflect.DelegatingMethodAccessorImpl.invoke(DelegatingMethodAccessorImpl.java:43) ~[?:1.8.0_51]
	at java.lang.reflect.Method.invoke(Method.java:497) ~[?:1.8.0_51]
	at net.fabricmc.loader.game.MinecraftGameProvider.launch(MinecraftGameProvider.java:224) [fabric-loader-0.10.5+build.213.jar:?]
	at net.fabricmc.loader.launch.knot.Knot.init(Knot.java:140) [fabric-loader-0.10.5+build.213.jar:?]
	at net.fabricmc.loader.launch.knot.KnotClient.main(KnotClient.java:26) [fabric-loader-0.10.5+build.213.jar:?]
	at sun.reflect.NativeMethodAccessorImpl.invoke0(Native Method) ~[?:1.8.0_51]
	at sun.reflect.NativeMethodAccessorImpl.invoke(NativeMethodAccessorImpl.java:62) ~[?:1.8.0_51]
	at sun.reflect.DelegatingMethodAccessorImpl.invoke(DelegatingMethodAccessorImpl.java:43) ~[?:1.8.0_51]
	at java.lang.reflect.Method.invoke(Method.java:497) ~[?:1.8.0_51]
	at link.infra.jumploader.Jumploader.onLoad(Jumploader.java:171) [jumploader-2.0.1.jar:2.0.1]
	at cpw.mods.modlauncher.TransformationServiceDecorator.onLoad(TransformationServiceDecorator.java:53) [modlauncher-6.1.1.jar:?]
	at cpw.mods.modlauncher.TransformationServicesHandler.lambda$loadTransformationServices$11(TransformationServicesHandler.java:131) [modlauncher-6.1.1.jar:?]
	at cpw.mods.modlauncher.TransformationServicesHandler$$Lambda$51/842741472.accept(Unknown Source) [modlauncher-6.1.1.jar:?]
	at java.util.HashMap$Values.forEach(HashMap.java:972) [?:1.8.0_51]
	at cpw.mods.modlauncher.TransformationServicesHandler.loadTransformationServices(TransformationServicesHandler.java:131) [modlauncher-6.1.1.jar:?]
	at cpw.mods.modlauncher.TransformationServicesHandler.initializeTransformationServices(TransformationServicesHandler.java:56) [modlauncher-6.1.1.jar:?]
	at cpw.mods.modlauncher.Launcher.run(Launcher.java:75) [modlauncher-6.1.1.jar:?]
	at cpw.mods.modlauncher.Launcher.main(Launcher.java:65) [modlauncher-6.1.1.jar:?]
[17:07:55] [main/FATAL]: Error executing task on Client
java.lang.NullPointerException: null
	at net.minecraft.class_269.method_1191(class_269.java:199) ~[intermediary-1.16.1.jar:?]
	at net.minecraft.class_634.method_11099(class_634.java:2175) ~[intermediary-1.16.1.jar:?]
	at net.minecraft.class_2755.method_11860(class_2755.java:122) ~[intermediary-1.16.1.jar:?]
	at net.minecraft.class_2755.method_11054(class_2755.java:16) ~[intermediary-1.16.1.jar:?]
	at net.minecraft.class_2600.method_11072(class_2600.java:21) ~[intermediary-1.16.1.jar:?]
	at net.minecraft.class_2600$$Lambda$4625/1628959868.run(Unknown Source) ~[?:?]
	at net.minecraft.class_1255.method_18859(class_1255.java:144) [intermediary-1.16.1.jar:?]
	at net.minecraft.class_4093.method_18859(class_4093.java:23) [intermediary-1.16.1.jar:?]
	at net.minecraft.class_1255.method_16075(class_1255.java:118) [intermediary-1.16.1.jar:?]
	at net.minecraft.class_1255.method_5383(class_1255.java:103) [intermediary-1.16.1.jar:?]
	at net.minecraft.class_310.method_1523(class_310.java:988) [intermediary-1.16.1.jar:?]
	at net.minecraft.class_310.method_1514(class_310.java:654) [intermediary-1.16.1.jar:?]
	at net.minecraft.client.main.Main.main(Main.java:215) [intermediary-1.16.1.jar:?]
	at sun.reflect.NativeMethodAccessorImpl.invoke0(Native Method) ~[?:1.8.0_51]
	at sun.reflect.NativeMethodAccessorImpl.invoke(NativeMethodAccessorImpl.java:62) ~[?:1.8.0_51]
	at sun.reflect.DelegatingMethodAccessorImpl.invoke(DelegatingMethodAccessorImpl.java:43) ~[?:1.8.0_51]
	at java.lang.reflect.Method.invoke(Method.java:497) ~[?:1.8.0_51]
	at net.fabricmc.loader.game.MinecraftGameProvider.launch(MinecraftGameProvider.java:224) [fabric-loader-0.10.5+build.213.jar:?]
	at net.fabricmc.loader.launch.knot.Knot.init(Knot.java:140) [fabric-loader-0.10.5+build.213.jar:?]
	at net.fabricmc.loader.launch.knot.KnotClient.main(KnotClient.java:26) [fabric-loader-0.10.5+build.213.jar:?]
	at sun.reflect.NativeMethodAccessorImpl.invoke0(Native Method) ~[?:1.8.0_51]
	at sun.reflect.NativeMethodAccessorImpl.invoke(NativeMethodAccessorImpl.java:62) ~[?:1.8.0_51]
	at sun.reflect.DelegatingMethodAccessorImpl.invoke(DelegatingMethodAccessorImpl.java:43) ~[?:1.8.0_51]
	at java.lang.reflect.Method.invoke(Method.java:497) ~[?:1.8.0_51]
	at link.infra.jumploader.Jumploader.onLoad(Jumploader.java:171) [jumploader-2.0.1.jar:2.0.1]
	at cpw.mods.modlauncher.TransformationServiceDecorator.onLoad(TransformationServiceDecorator.java:53) [modlauncher-6.1.1.jar:?]
	at cpw.mods.modlauncher.TransformationServicesHandler.lambda$loadTransformationServices$11(TransformationServicesHandler.java:131) [modlauncher-6.1.1.jar:?]
	at cpw.mods.modlauncher.TransformationServicesHandler$$Lambda$51/842741472.accept(Unknown Source) [modlauncher-6.1.1.jar:?]
	at java.util.HashMap$Values.forEach(HashMap.java:972) [?:1.8.0_51]
	at cpw.mods.modlauncher.TransformationServicesHandler.loadTransformationServices(TransformationServicesHandler.java:131) [modlauncher-6.1.1.jar:?]
	at cpw.mods.modlauncher.TransformationServicesHandler.initializeTransformationServices(TransformationServicesHandler.java:56) [modlauncher-6.1.1.jar:?]
	at cpw.mods.modlauncher.Launcher.run(Launcher.java:75) [modlauncher-6.1.1.jar:?]
	at cpw.mods.modlauncher.Launcher.main(Launcher.java:65) [modlauncher-6.1.1.jar:?]
[17:07:55] [Voxelmap WorldMap Calculation Thread 2/INFO]: [STDERR]: java.lang.NullPointerException
[17:07:55] [Voxelmap WorldMap Calculation Thread 2/INFO]: [STDERR]: 	at com.mamiyaotaru.voxelmap.persistent.CompressibleMapData.createKeyFromCurrentBlocks(CompressibleMapData.java:441)
[17:07:55] [Voxelmap WorldMap Calculation Thread 2/INFO]: [STDERR]: 	at com.mamiyaotaru.voxelmap.persistent.CompressibleMapData.getStateToInt(CompressibleMapData.java:378)
[17:07:55] [Voxelmap WorldMap Calculation Thread 2/INFO]: [STDERR]: 	at com.mamiyaotaru.voxelmap.persistent.CachedRegion.doSave(CachedRegion.java:836)
[17:07:55] [Voxelmap WorldMap Calculation Thread 2/INFO]: [STDERR]: 	at com.mamiyaotaru.voxelmap.persistent.CachedRegion.access$1100(CachedRegion.java:73)
[17:07:55] [Voxelmap WorldMap Calculation Thread 2/INFO]: [STDERR]: 	at com.mamiyaotaru.voxelmap.persistent.CachedRegion$1.run(CachedRegion.java:810)
[17:07:55] [Voxelmap WorldMap Calculation Thread 2/INFO]: [STDERR]: 	at java.util.concurrent.ThreadPoolExecutor.runWorker(ThreadPoolExecutor.java:1142)
[17:07:55] [Voxelmap WorldMap Calculation Thread 2/INFO]: [STDERR]: 	at java.util.concurrent.ThreadPoolExecutor$Worker.run(ThreadPoolExecutor.java:617)
[17:07:55] [Voxelmap WorldMap Calculation Thread 2/INFO]: [STDERR]: 	at java.lang.Thread.run(Thread.java:745)
[17:07:55] [Voxelmap WorldMap Calculation Thread 4/INFO]: [STDERR]: java.lang.NullPointerException
[17:07:55] [Voxelmap WorldMap Calculation Thread 4/INFO]: [STDERR]: 	at com.mamiyaotaru.voxelmap.persistent.CompressibleMapData.createKeyFromCurrentBlocks(CompressibleMapData.java:441)
[17:07:55] [Voxelmap WorldMap Calculation Thread 4/INFO]: [STDERR]: 	at com.mamiyaotaru.voxelmap.persistent.CompressibleMapData.getStateToInt(CompressibleMapData.java:378)
[17:07:55] [Voxelmap WorldMap Calculation Thread 4/INFO]: [STDERR]: 	at com.mamiyaotaru.voxelmap.persistent.CachedRegion.doSave(CachedRegion.java:836)
[17:07:55] [Voxelmap WorldMap Calculation Thread 4/INFO]: [STDERR]: 	at com.mamiyaotaru.voxelmap.persistent.CachedRegion.access$1100(CachedRegion.java:73)
[17:07:55] [Voxelmap WorldMap Calculation Thread 4/INFO]: [STDERR]: 	at com.mamiyaotaru.voxelmap.persistent.CachedRegion$1.run(CachedRegion.java:810)
[17:07:55] [Voxelmap WorldMap Calculation Thread 4/INFO]: [STDERR]: 	at java.util.concurrent.ThreadPoolExecutor.runWorker(ThreadPoolExecutor.java:1142)
[17:07:55] [Voxelmap WorldMap Calculation Thread 4/INFO]: [STDERR]: 	at java.util.concurrent.ThreadPoolExecutor$Worker.run(ThreadPoolExecutor.java:617)
[17:07:55] [Voxelmap WorldMap Calculation Thread 4/INFO]: [STDERR]: 	at java.lang.Thread.run(Thread.java:745)
[17:07:55] [Voxelmap WorldMap Calculation Thread 3/INFO]: [STDERR]: java.lang.NullPointerException
[17:07:55] [Voxelmap WorldMap Calculation Thread 3/INFO]: [STDERR]: 	at com.mamiyaotaru.voxelmap.persistent.CompressibleMapData.createKeyFromCurrentBlocks(CompressibleMapData.java:427)
[17:07:55] [Voxelmap WorldMap Calculation Thread 3/INFO]: [STDERR]: 	at com.mamiyaotaru.voxelmap.persistent.CompressibleMapData.getStateToInt(CompressibleMapData.java:378)
[17:07:55] [Voxelmap WorldMap Calculation Thread 3/INFO]: [STDERR]: 	at com.mamiyaotaru.voxelmap.persistent.CachedRegion.doSave(CachedRegion.java:836)
[17:07:55] [Voxelmap WorldMap Calculation Thread 3/INFO]: [STDERR]: 	at com.mamiyaotaru.voxelmap.persistent.CachedRegion.access$1100(CachedRegion.java:73)
[17:07:55] [Voxelmap WorldMap Calculation Thread 3/INFO]: [STDERR]: 	at com.mamiyaotaru.voxelmap.persistent.CachedRegion$1.run(CachedRegion.java:810)
[17:07:55] [Voxelmap WorldMap Calculation Thread 3/INFO]: [STDERR]: 	at java.util.concurrent.ThreadPoolExecutor.runWorker(ThreadPoolExecutor.java:1142)
[17:07:55] [Voxelmap WorldMap Calculation Thread 3/INFO]: [STDERR]: 	at java.util.concurrent.ThreadPoolExecutor$Worker.run(ThreadPoolExecutor.java:617)
[17:07:55] [Voxelmap WorldMap Calculation Thread 3/INFO]: [STDERR]: 	at java.lang.Thread.run(Thread.java:745)
[17:07:56] [main/WARN]: Unknown recipe category: dungeons:dungeons_transformer/dungeons:dungeons_water_bucket
[17:07:56] [main/WARN]: Unknown recipe category: dungeons:dungeons_transformer/dungeons:closed_book
[17:07:56] [main/WARN]: Unknown recipe category: dungeons:dungeons_transformer/dungeons:cw_mossy_cobblestone
[17:07:56] [main/WARN]: Unknown recipe category: dungeons:dungeons_transformer/dungeons:cc_red_sandstone
[17:07:56] [main/WARN]: Unknown recipe category: dungeons:dungeons_transformer/dungeons:cc_pink_sandstone
[17:07:56] [main/WARN]: Unknown recipe category: dungeons:dungeons_transformer/dungeons:water_plant_dt
[17:07:56] [main/WARN]: Unknown recipe category: dungeons:dungeons_transformer/dungeons:ss_mossy_stone
[17:07:56] [main/WARN]: Unknown recipe category: dungeons:dungeons_transformer/dungeons:cc_purple_sandstone
[17:07:56] [main/WARN]: Unknown recipe category: dungeons:dungeons_transformer/dungeons:dungeons_lantern
[17:07:56] [main/WARN]: Unknown recipe category: dungeons:dungeons_transformer/dungeons:empty_bookshelf
[17:07:56] [main/WARN]: Unknown recipe category: dungeons:dungeons_transformer/dungeons:cc_brown_sandstone
[17:07:56] [main/WARN]: Unknown recipe category: dungeons:dungeons_transformer/dungeons:cc_sand_layer
[17:07:56] [main/WARN]: Unknown recipe category: dungeons:dungeons_transformer/dungeons:cc_gray_sandstone
[17:07:56] [main/WARN]: Unknown recipe category: dungeons:dungeons_transformer/dungeons:cc_orange_sandstone
[17:07:56] [main/WARN]: Unknown recipe category: dungeons:dungeons_transformer/dungeons:cc_dark_brown_sandstone
[17:07:56] [main/WARN]: Unknown recipe category: dungeons:dungeons_transformer/dungeons:cc_sand
[17:07:56] [main/WARN]: Unknown recipe category: dungeons:dungeons_transformer/dungeons:bookshelf
[17:07:56] [main/WARN]: Unknown recipe category: dungeons:dungeons_transformer/dungeons:cw_mossy_stone_bricks
[17:07:56] [main/WARN]: Unknown recipe category: dungeons:dungeons_transformer/dungeons:cc_yellow_sandstone
[17:07:56] [main/WARN]: Unknown recipe category: dungeons:dungeons_transformer/dungeons:cc_blue_sandstone
[17:07:56] [main/WARN]: Unknown recipe category: dungeons:dungeons_transformer/dungeons:soggy_swamp_water_bucket
[17:07:56] [main/WARN]: Unknown recipe category: dungeons:dungeons_transformer/dungeons:empty_shelf
[17:07:56] [main/WARN]: Unknown recipe category: dungeons:dungeons_transformer/dungeons:cc_light_green_sandstone
[17:07:56] [main/WARN]: Unknown recipe category: dungeons:dungeons_transformer/dungeons:dusty_bookshelf
[17:07:56] [main/WARN]: Unknown recipe category: dungeons:dungeons_transformer/dungeons:cc_sandstone
[17:07:56] [main/WARN]: Unknown recipe category: dungeons:dungeons_transformer/dungeons:ss_mossy_chiseled_stone_bricks
[17:07:56] [main/WARN]: Unknown recipe category: dungeons:dungeons_transformer/dungeons:dungeons_planks
[17:07:56] [main/WARN]: Unknown recipe category: dungeons:dungeons_transformer/dungeons:lighthouse_lamp
[17:07:56] [main/WARN]: Unknown recipe category: dungeons:dungeons_transformer/dungeons:ss_mossy_cobblestone
[17:07:56] [main/WARN]: Unknown recipe category: dungeons:dungeons_transformer/dungeons:pm_mossy_stone_bricks
[17:07:56] [main/WARN]: Unknown recipe category: dungeons:dungeons_transformer/dungeons:book_shelf
[17:07:56] [main/WARN]: Unknown recipe category: dungeons:dungeons_transformer/dungeons:glass_dt
[17:07:56] [main/WARN]: Unknown recipe category: dungeons:dungeons_transformer/dungeons:open_book
[17:07:56] [main/WARN]: Unknown recipe category: dungeons:dungeons_transformer/dungeons:cw_polished_granite
[17:07:56] [main/WARN]: Unknown recipe category: dungeons:dungeons_transformer/dungeons:cc_green_sandstone
[17:07:56] [main/WARN]: Unknown recipe category: dungeons:dungeons_transformer/dungeons:ss_mossy_stone_bricks
[17:07:56] [REI-SyncRecipes/INFO]: Reloading REI, registered 4 plugins: spinnery:rei_plugin, astromine:rei_plugin, roughlyenoughitems:default_auto_crafting_plugin, roughlyenoughitems:default_plugin
[17:07:56] [REI-SyncRecipes/INFO]: Applied Check Tags for potion in 2ms.
[17:07:56] [REI-SyncRecipes/INFO]: Refiltered 0 entries with 1 rules in 9ms.
[17:07:56] [REI-SyncRecipes/INFO]: Reloaded 3125 stack entries, 3625 recipes displays, 3 exclusion zones suppliers, 6 overlay deciders, 1 visibility handlers and 21 categories (Crafting, Smelting, Smoking, Blasting, Campfire, Stone Cutting, Fuel, Brewing, Composting, Stripping, Smithing, Beacon Base, Information, Triturating, Electric Smelting, Liquid Generating, Solid Generating, Fluid Mixing, Electrolyzing, Pressing, Alloy Smelting) in 71ms.
[17:07:57] [main/INFO]: Loaded 7 advancements
[17:08:01] [main/INFO]: [CHAT] §4VoxelMap§r: Unknown world!  Please select your current world in the Multiworld screen.
[17:08:26] [main/INFO]: [CHAT] Could not find a biome of type "ecotones:beach" within reasonable distance
[17:10:02] [main/WARN]: Received passengers for unknown entity
[17:10:51] [main/WARN]: Unable to play empty soundEvent: minecraft:entity.salmon.ambient
[17:13:24] [main/WARN]: Unable to play empty soundEvent: minecraft:entity.tropical_fish.ambient
[17:13:51] [main/FATAL]: Error executing task on Client
java.lang.NullPointerException: null
	at net.minecraft.class_634.method_11128(class_634.java:803) ~[intermediary-1.16.1.jar:?]
	at net.minecraft.class_2672.method_11528(class_2672.java:127) ~[intermediary-1.16.1.jar:?]
	at net.minecraft.class_2672.method_11054(class_2672.java:23) ~[intermediary-1.16.1.jar:?]
	at net.minecraft.class_2600.method_11072(class_2600.java:21) ~[intermediary-1.16.1.jar:?]
	at net.minecraft.class_2600$$Lambda$4625/1628959868.run(Unknown Source) ~[?:?]
	at net.minecraft.class_1255.method_18859(class_1255.java:144) [intermediary-1.16.1.jar:?]
	at net.minecraft.class_4093.method_18859(class_4093.java:23) [intermediary-1.16.1.jar:?]
	at net.minecraft.class_1255.method_16075(class_1255.java:118) [intermediary-1.16.1.jar:?]
	at net.minecraft.class_1255.method_5383(class_1255.java:103) [intermediary-1.16.1.jar:?]
	at net.minecraft.class_310.method_1523(class_310.java:988) [intermediary-1.16.1.jar:?]
	at net.minecraft.class_310.method_1514(class_310.java:654) [intermediary-1.16.1.jar:?]
	at net.minecraft.client.main.Main.main(Main.java:215) [intermediary-1.16.1.jar:?]
	at sun.reflect.NativeMethodAccessorImpl.invoke0(Native Method) ~[?:1.8.0_51]
	at sun.reflect.NativeMethodAccessorImpl.invoke(NativeMethodAccessorImpl.java:62) ~[?:1.8.0_51]
	at sun.reflect.DelegatingMethodAccessorImpl.invoke(DelegatingMethodAccessorImpl.java:43) ~[?:1.8.0_51]
	at java.lang.reflect.Method.invoke(Method.java:497) ~[?:1.8.0_51]
	at net.fabricmc.loader.game.MinecraftGameProvider.launch(MinecraftGameProvider.java:224) [fabric-loader-0.10.5+build.213.jar:?]
	at net.fabricmc.loader.launch.knot.Knot.init(Knot.java:140) [fabric-loader-0.10.5+build.213.jar:?]
	at net.fabricmc.loader.launch.knot.KnotClient.main(KnotClient.java:26) [fabric-loader-0.10.5+build.213.jar:?]
	at sun.reflect.NativeMethodAccessorImpl.invoke0(Native Method) ~[?:1.8.0_51]
	at sun.reflect.NativeMethodAccessorImpl.invoke(NativeMethodAccessorImpl.java:62) ~[?:1.8.0_51]
	at sun.reflect.DelegatingMethodAccessorImpl.invoke(DelegatingMethodAccessorImpl.java:43) ~[?:1.8.0_51]
	at java.lang.reflect.Method.invoke(Method.java:497) ~[?:1.8.0_51]
	at link.infra.jumploader.Jumploader.onLoad(Jumploader.java:171) [jumploader-2.0.1.jar:2.0.1]
	at cpw.mods.modlauncher.TransformationServiceDecorator.onLoad(TransformationServiceDecorator.java:53) [modlauncher-6.1.1.jar:?]
	at cpw.mods.modlauncher.TransformationServicesHandler.lambda$loadTransformationServices$11(TransformationServicesHandler.java:131) [modlauncher-6.1.1.jar:?]
	at cpw.mods.modlauncher.TransformationServicesHandler$$Lambda$51/842741472.accept(Unknown Source) [modlauncher-6.1.1.jar:?]
	at java.util.HashMap$Values.forEach(HashMap.java:972) [?:1.8.0_51]
	at cpw.mods.modlauncher.TransformationServicesHandler.loadTransformationServices(TransformationServicesHandler.java:131) [modlauncher-6.1.1.jar:?]
	at cpw.mods.modlauncher.TransformationServicesHandler.initializeTransformationServices(TransformationServicesHandler.java:56) [modlauncher-6.1.1.jar:?]
	at cpw.mods.modlauncher.Launcher.run(Launcher.java:75) [modlauncher-6.1.1.jar:?]
	at cpw.mods.modlauncher.Launcher.main(Launcher.java:65) [modlauncher-6.1.1.jar:?]
[17:22:31] [main/INFO]: [CHAT] Set own game mode to Survival Mode
[17:23:56] [main/INFO]: [CHAT] mateale1234 was slain by Zombie
[17:23:56] [main/INFO]: Loaded 21 advancements
[17:24:06] [main/INFO]: Loaded 23 advancements
[17:24:58] [main/INFO]: Loaded 23 advancements
[17:24:59] [main/INFO]: Resized to: 1024x512 mobs-atlas
[17:26:02] [main/INFO]: [CHAT] mateale1234 discovered the floor was lava
[17:27:11] [main/INFO]: Loaded 24 advancements
[17:27:17] [main/INFO]: Loaded 24 advancements
[17:27:20] [main/INFO]: [CHAT] Set own game mode to Creative Mode
[17:27:38] [main/INFO]: Loaded 38 advancements
[17:29:08] [main/WARN]: Failed to load texture: slightguimodifications:textures/gui/slider.png
java.io.FileNotFoundException: slightguimodifications:textures/gui/slider.png
	at net.minecraft.class_3304.method_14486(class_3304.java:67) ~[intermediary-1.16.1.jar:?]
	at net.minecraft.class_1049$class_4006.method_18156(class_1049.java:81) ~[intermediary-1.16.1.jar:?]
	at net.minecraft.class_1049.method_18153(class_1049.java:57) ~[intermediary-1.16.1.jar:?]
	at net.minecraft.class_1049.method_4625(class_1049.java:28) ~[intermediary-1.16.1.jar:?]
	at net.minecraft.class_1060.method_24303(class_1060.java:85) [intermediary-1.16.1.jar:?]
	at net.minecraft.class_1060.method_4616(class_1060.java:68) [intermediary-1.16.1.jar:?]
	at net.minecraft.class_1060.method_4618(class_1060.java:61) [intermediary-1.16.1.jar:?]
	at net.minecraft.class_1060.method_22813(class_1060.java:51) [intermediary-1.16.1.jar:?]
	at net.minecraft.class_357.handler$znk000$renderBg(class_357.java:566) [intermediary-1.16.1.jar:?]
	at net.minecraft.class_357.method_25353(class_357.java) [intermediary-1.16.1.jar:?]
	at net.minecraft.class_339.method_25359(class_339.java:122) [intermediary-1.16.1.jar:?]
	at net.minecraft.class_339.method_25394(class_339.java:86) [intermediary-1.16.1.jar:?]
	at net.minecraft.class_437.method_25394(class_437.java:81) [intermediary-1.16.1.jar:?]
	at net.minecraft.class_429.method_25394(class_429.java:144) [intermediary-1.16.1.jar:?]
	at net.minecraft.class_757.method_3192(class_757.java:603) [intermediary-1.16.1.jar:?]
	at net.minecraft.class_310.method_1523(class_310.java:1021) [intermediary-1.16.1.jar:?]
	at net.minecraft.class_310.method_1514(class_310.java:654) [intermediary-1.16.1.jar:?]
	at net.minecraft.client.main.Main.main(Main.java:215) [intermediary-1.16.1.jar:?]
	at sun.reflect.NativeMethodAccessorImpl.invoke0(Native Method) ~[?:1.8.0_51]
	at sun.reflect.NativeMethodAccessorImpl.invoke(NativeMethodAccessorImpl.java:62) ~[?:1.8.0_51]
	at sun.reflect.DelegatingMethodAccessorImpl.invoke(DelegatingMethodAccessorImpl.java:43) ~[?:1.8.0_51]
	at java.lang.reflect.Method.invoke(Method.java:497) ~[?:1.8.0_51]
	at net.fabricmc.loader.game.MinecraftGameProvider.launch(MinecraftGameProvider.java:224) [fabric-loader-0.10.5+build.213.jar:?]
	at net.fabricmc.loader.launch.knot.Knot.init(Knot.java:140) [fabric-loader-0.10.5+build.213.jar:?]
	at net.fabricmc.loader.launch.knot.KnotClient.main(KnotClient.java:26) [fabric-loader-0.10.5+build.213.jar:?]
	at sun.reflect.NativeMethodAccessorImpl.invoke0(Native Method) ~[?:1.8.0_51]
	at sun.reflect.NativeMethodAccessorImpl.invoke(NativeMethodAccessorImpl.java:62) ~[?:1.8.0_51]
	at sun.reflect.DelegatingMethodAccessorImpl.invoke(DelegatingMethodAccessorImpl.java:43) ~[?:1.8.0_51]
	at java.lang.reflect.Method.invoke(Method.java:497) ~[?:1.8.0_51]
	at link.infra.jumploader.Jumploader.onLoad(Jumploader.java:171) [jumploader-2.0.1.jar:2.0.1]
	at cpw.mods.modlauncher.TransformationServiceDecorator.onLoad(TransformationServiceDecorator.java:53) [modlauncher-6.1.1.jar:?]
	at cpw.mods.modlauncher.TransformationServicesHandler.lambda$loadTransformationServices$11(TransformationServicesHandler.java:131) [modlauncher-6.1.1.jar:?]
	at cpw.mods.modlauncher.TransformationServicesHandler$$Lambda$51/842741472.accept(Unknown Source) [modlauncher-6.1.1.jar:?]
	at java.util.HashMap$Values.forEach(HashMap.java:972) [?:1.8.0_51]
	at cpw.mods.modlauncher.TransformationServicesHandler.loadTransformationServices(TransformationServicesHandler.java:131) [modlauncher-6.1.1.jar:?]
	at cpw.mods.modlauncher.TransformationServicesHandler.initializeTransformationServices(TransformationServicesHandler.java:56) [modlauncher-6.1.1.jar:?]
	at cpw.mods.modlauncher.Launcher.run(Launcher.java:75) [modlauncher-6.1.1.jar:?]
	at cpw.mods.modlauncher.Launcher.main(Launcher.java:65) [modlauncher-6.1.1.jar:?]
[17:29:15] [main/INFO]: Flushed changes to Minecraft configuration
[17:35:24] [main/INFO]: Loaded 41 advancements
[17:36:03] [main/WARN]: Unable to play empty soundEvent: minecraft:entity.cod.ambient
[17:36:19] [main/INFO]: Stopping worker threads
[17:36:19] [Voxelmap WorldMap Calculation Thread 5/INFO]: [STDERR]: java.lang.NullPointerException
[17:36:19] [Voxelmap WorldMap Calculation Thread 5/INFO]: [STDERR]: 	at com.mamiyaotaru.voxelmap.persistent.CompressibleMapData.createKeyFromCurrentBlocks(CompressibleMapData.java:441)
[17:36:19] [Voxelmap WorldMap Calculation Thread 5/INFO]: [STDERR]: 	at com.mamiyaotaru.voxelmap.persistent.CompressibleMapData.getStateToInt(CompressibleMapData.java:378)
[17:36:19] [Voxelmap WorldMap Calculation Thread 5/INFO]: [STDERR]: 	at com.mamiyaotaru.voxelmap.persistent.CachedRegion.doSave(CachedRegion.java:836)
[17:36:19] [Voxelmap WorldMap Calculation Thread 5/INFO]: [STDERR]: 	at com.mamiyaotaru.voxelmap.persistent.CachedRegion.access$1100(CachedRegion.java:73)
[17:36:19] [Voxelmap WorldMap Calculation Thread 5/INFO]: [STDERR]: 	at com.mamiyaotaru.voxelmap.persistent.CachedRegion$1.run(CachedRegion.java:810)
[17:36:19] [Voxelmap WorldMap Calculation Thread 5/INFO]: [STDERR]: 	at java.util.concurrent.ThreadPoolExecutor.runWorker(ThreadPoolExecutor.java:1142)
[17:36:19] [Voxelmap WorldMap Calculation Thread 5/INFO]: [STDERR]: 	at java.util.concurrent.ThreadPoolExecutor$Worker.run(ThreadPoolExecutor.java:617)
[17:36:19] [Voxelmap WorldMap Calculation Thread 5/INFO]: [STDERR]: 	at java.lang.Thread.run(Thread.java:745)
[17:36:19] [Voxelmap WorldMap Calculation Thread 6/INFO]: [STDERR]: java.lang.NullPointerException
[17:36:19] [Voxelmap WorldMap Calculation Thread 1/INFO]: [STDERR]: java.lang.NullPointerException
[17:36:19] [Voxelmap WorldMap Calculation Thread 7/INFO]: [STDERR]: java.lang.NullPointerException
[17:36:52] [main/INFO]: Stopping!
